/home/cil/anaconda3/envs/deep-learning/lib/python3.5/re.py:203: FutureWarning: split() requires a non-empty pattern match.
  return _compile(pattern, flags).split(string, maxsplit)
Started Task: 1
Candidate Size 43863
vocab size: 14590
Longest sentence length 21
Longest candidate sentence length 13
Longest story length 15
Average story length 6
Training Size 36144
Validation Size 36090
Epoch 1
Epoch 2
Epoch 3
Epoch 4
Epoch 5
Epoch 6
Epoch 7
Epoch 8
Epoch 9
Epoch 10
-----------------------
Epoch 10
Total Cost: 3576.61010798
Training Accuracy: 0.988407481186
Validation Accuracy: 0.951177611527
-----------------------
Epoch 11
Epoch 12
Epoch 13
Epoch 14
Epoch 15
Epoch 16
Epoch 17
Epoch 18
Epoch 19
Epoch 20
-----------------------
Epoch 20
Total Cost: 358.36163325
Training Accuracy: 0.998976316954
Validation Accuracy: 0.994070379607
-----------------------
Epoch 21
Epoch 22
Epoch 23
Epoch 24
Epoch 25
Epoch 26
Epoch 27
Epoch 28
Epoch 29
Epoch 30
-----------------------
Epoch 30
Total Cost: 739.858874727
Training Accuracy: 0.996707613988
Validation Accuracy: 0.991160986423
-----------------------
Epoch 31
Epoch 32
Epoch 33
Epoch 34
Epoch 35
Epoch 36
Epoch 37
Epoch 38
Epoch 39
Epoch 40
-----------------------
Epoch 40
Total Cost: 1090.24560847
Training Accuracy: 0.996154271802
Validation Accuracy: 0.991077860903
-----------------------
Epoch 41
Epoch 42
Epoch 43
Epoch 44
Epoch 45
Epoch 46
Epoch 47
Epoch 48
Epoch 49
Epoch 50
-----------------------
Epoch 50
Total Cost: 781.484854019
Training Accuracy: 0.998865648517
Validation Accuracy: 0.996591853699
-----------------------
Epoch 51
Epoch 52
Epoch 53
Epoch 54
Epoch 55
Epoch 56
Epoch 57
Epoch 58
Epoch 59
Epoch 60
-----------------------
Epoch 60
Total Cost: 411.378854585
Training Accuracy: 0.999474324923
Validation Accuracy: 0.99770019396
-----------------------
Epoch 61
Epoch 62
Epoch 63
Epoch 64
Epoch 65
Epoch 66
Epoch 67
Epoch 68
Epoch 69
Epoch 70
-----------------------
Epoch 70
Total Cost: 675.813892167
Training Accuracy: 0.998616644533
Validation Accuracy: 0.995954558049
-----------------------
Epoch 71
Epoch 72
Epoch 73
Epoch 74
Epoch 75
Epoch 76
Epoch 77
Epoch 78
Epoch 79
Epoch 80
-----------------------
Epoch 80
Total Cost: 451.485305761
Training Accuracy: 0.999197653829
Validation Accuracy: 0.995067885841
-----------------------
Epoch 81
Epoch 82
Epoch 83
Epoch 84
Epoch 85
Epoch 86
Epoch 87
Epoch 88
Epoch 89
Epoch 90
-----------------------
Epoch 90
Total Cost: 626.068771195
Training Accuracy: 0.999612660469
Validation Accuracy: 0.998004987531
-----------------------
Epoch 91
Epoch 92
Epoch 93
Epoch 94
Epoch 95
Epoch 96
Epoch 97
Epoch 98
Epoch 99
Epoch 100
-----------------------
Epoch 100
Total Cost: 313.457239336
Training Accuracy: 0.999889331563
Validation Accuracy: 0.997423108894
-----------------------
Epoch 101
Epoch 102
Epoch 103
Epoch 104
Epoch 105
Epoch 106
Epoch 107
Epoch 108
Epoch 109
Epoch 110
-----------------------
Epoch 110
Total Cost: 503.799204657
Training Accuracy: 0.999806330235
Validation Accuracy: 0.998365198116
-----------------------
Epoch 111
Epoch 112
Epoch 113
Epoch 114
Epoch 115
Epoch 116
Epoch 117
Epoch 118
Epoch 119
Epoch 120
-----------------------
Epoch 120
Total Cost: 222.684261205
Training Accuracy: 0.998395307658
Validation Accuracy: 0.996868938764
-----------------------
Epoch 121
Epoch 122
Epoch 123
Epoch 124
Epoch 125
Epoch 126
Epoch 127
Epoch 128
Epoch 129
Epoch 130
-----------------------
Epoch 130
Total Cost: 155.25523234
Training Accuracy: 0.999197653829
Validation Accuracy: 0.997783319479
-----------------------
Epoch 131
Epoch 132
Epoch 133
Epoch 134
Epoch 135
Epoch 136
Epoch 137
Epoch 138
Epoch 139
Epoch 140
-----------------------
Epoch 140
Total Cost: 551.001688574
Training Accuracy: 0.99958499336
Validation Accuracy: 0.998309781103
-----------------------
Epoch 141
Epoch 142
Epoch 143
Epoch 144
Epoch 145
Epoch 146
Epoch 147
Epoch 148
Epoch 149
Epoch 150
-----------------------
Epoch 150
Total Cost: 179.236620633
Training Accuracy: 0.999695661797
Validation Accuracy: 0.998337489609
-----------------------
Epoch 151
Epoch 152
Epoch 153
Epoch 154
Epoch 155
Epoch 156
Epoch 157
Epoch 158
Epoch 159
Epoch 160
-----------------------
Epoch 160
Total Cost: 458.889416161
Training Accuracy: 0.999225320938
Validation Accuracy: 0.998088113051
-----------------------
Epoch 161
Epoch 162
Epoch 163
Epoch 164
Epoch 165
Epoch 166
Epoch 167
Epoch 168
Epoch 169
Epoch 170
-----------------------
Epoch 170
Total Cost: 807.449600929
Training Accuracy: 0.99958499336
Validation Accuracy: 0.998559157661
-----------------------
Epoch 171
Epoch 172
Epoch 173
Epoch 174
Epoch 175
Epoch 176
Epoch 177
Epoch 178
Epoch 179
Epoch 180
-----------------------
Epoch 180
Total Cost: 221.738763603
Training Accuracy: 0.999197653829
Validation Accuracy: 0.998503740648
-----------------------
Epoch 181
Epoch 182
Epoch 183
Epoch 184
Epoch 185
Epoch 186
Epoch 187
Epoch 188
Epoch 189
Epoch 190
-----------------------
Epoch 190
Total Cost: 791.919109097
Training Accuracy: 0.996513944223
Validation Accuracy: 0.993793294541
-----------------------
Epoch 191
Epoch 192
Epoch 193
Epoch 194
Epoch 195
Epoch 196
Epoch 197
Epoch 198
Epoch 199
Epoch 200
-----------------------
Epoch 200
Total Cost: 243.632753665
Training Accuracy: 0.997509960159
Validation Accuracy: 0.996952064284
-----------------------
/home/cil/anaconda3/envs/deep-learning/lib/python3.5/re.py:203: FutureWarning: split() requires a non-empty pattern match.
  return _compile(pattern, flags).split(string, maxsplit)
Started Task: 2
Candidate Size 43863
vocab size: 14596
Longest sentence length 21
Longest candidate sentence length 13
Longest story length 21
Average story length 9
Training Size 56988
Validation Size 57078
Epoch 1
Epoch 2
Epoch 3
Epoch 4
Epoch 5
Epoch 6
Epoch 7
Epoch 8
Epoch 9
Epoch 10
-----------------------
Epoch 10
Total Cost: 216.981761904
Training Accuracy: 0.999719239138
Validation Accuracy: 0.998808647815
-----------------------
Epoch 11
Epoch 12
Epoch 13
Epoch 14
Epoch 15
Epoch 16
Epoch 17
Epoch 18
Epoch 19
Epoch 20
-----------------------
Epoch 20
Total Cost: 686.265161308
Training Accuracy: 0.999877167123
Validation Accuracy: 0.999667122184
-----------------------
Epoch 21
Epoch 22
Epoch 23
Epoch 24
Epoch 25
Epoch 26
Epoch 27
Epoch 28
Epoch 29
Epoch 30
-----------------------
Epoch 30
Total Cost: 56.4968052164
Training Accuracy: 0.994033831684
Validation Accuracy: 0.992010932408
-----------------------
Epoch 31
Epoch 32
Epoch 33
Epoch 34
Epoch 35
Epoch 36
Epoch 37
Epoch 38
Epoch 39
Epoch 40
-----------------------
Epoch 40
Total Cost: 0.820189711987
Training Accuracy: 1.0
Validation Accuracy: 0.99989488069
-----------------------
Epoch 41
Epoch 42
Epoch 43
Epoch 44
Epoch 45
Epoch 46
Epoch 47
Epoch 48
Epoch 49
Epoch 50
-----------------------
Epoch 50
Total Cost: 142.474319682
Training Accuracy: 0.999929809785
Validation Accuracy: 0.99992992046
-----------------------
Epoch 51
Epoch 52
Epoch 53
Epoch 54
Epoch 55
Epoch 56
Epoch 57
Epoch 58
Epoch 59
Epoch 60
-----------------------
Epoch 60
Total Cost: 0.086607643225
Training Accuracy: 1.0
Validation Accuracy: 0.99996496023
-----------------------
Epoch 61
Epoch 62
Epoch 63
Epoch 64
Epoch 65
Epoch 66
Epoch 67
Epoch 68
Epoch 69
Epoch 70
-----------------------
Epoch 70
Total Cost: 719.484405629
Training Accuracy: 1.0
Validation Accuracy: 0.999491923333
-----------------------
Epoch 71
Epoch 72
Epoch 73
Epoch 74
Epoch 75
Epoch 76
Epoch 77
Epoch 78
Epoch 79
Epoch 80
-----------------------
Epoch 80
Total Cost: 222.698585994
Training Accuracy: 1.0
Validation Accuracy: 0.99992992046
-----------------------
Epoch 81
Epoch 82
Epoch 83
Epoch 84
Epoch 85
Epoch 86
Epoch 87
Epoch 88
Epoch 89
Epoch 90
-----------------------
Epoch 90
Total Cost: 24.0662042926
Training Accuracy: 1.0
Validation Accuracy: 0.999982480115
-----------------------
Epoch 91
Epoch 92
Epoch 93
Epoch 94
Epoch 95
Epoch 96
Epoch 97
Epoch 98
Epoch 99
Epoch 100
-----------------------
Epoch 100
Total Cost: 0.0203064201786
Training Accuracy: 1.0
Validation Accuracy: 1.0
-----------------------
Epoch 101
Epoch 102
Epoch 103
Epoch 104
Epoch 105
Epoch 106
Epoch 107
Epoch 108
Epoch 109
Epoch 110
-----------------------
Epoch 110
Total Cost: 424.511438984
Training Accuracy: 1.0
Validation Accuracy: 0.999877360805
-----------------------
Epoch 111
Epoch 112
Epoch 113
Epoch 114
Epoch 115
Epoch 116
Epoch 117
Epoch 118
Epoch 119
Epoch 120
-----------------------
Epoch 120
Total Cost: 402.860159338
Training Accuracy: 0.999929809785
Validation Accuracy: 0.999772241494
-----------------------
Epoch 121
Epoch 122
Epoch 123
Epoch 124
Epoch 125
Epoch 126
Epoch 127
Epoch 128
Epoch 129
Epoch 130
-----------------------
Epoch 130
Total Cost: 329.499224668
Training Accuracy: 0.999982452446
Validation Accuracy: 0.999877360805
-----------------------
Epoch 131
Epoch 132
Epoch 133
Epoch 134
Epoch 135
Epoch 136
Epoch 137
Epoch 138
Epoch 139
Epoch 140
-----------------------
Epoch 140
Total Cost: 0.00392482558786
Training Accuracy: 1.0
Validation Accuracy: 0.999824801149
-----------------------
Epoch 141
Epoch 142
Epoch 143
Epoch 144
Epoch 145
Epoch 146
Epoch 147
Epoch 148
Epoch 149
Epoch 150
-----------------------
Epoch 150
Total Cost: 50.8205251578
Training Accuracy: 0.999982452446
Validation Accuracy: 0.999509443218
-----------------------
Epoch 151
Epoch 152
Epoch 153
Epoch 154
Epoch 155
Epoch 156
Epoch 157
Epoch 158
Epoch 159
Epoch 160
-----------------------
Epoch 160
Total Cost: 0.00941125670862
Training Accuracy: 1.0
Validation Accuracy: 0.99996496023
-----------------------
Epoch 161
Epoch 162
Epoch 163
Epoch 164
Epoch 165
Epoch 166
Epoch 167
Epoch 168
Epoch 169
Epoch 170
-----------------------
Epoch 170
Total Cost: 0.00238906497521
Training Accuracy: 1.0
Validation Accuracy: 0.99989488069
-----------------------
Epoch 171
Epoch 172
Epoch 173
Epoch 174
Epoch 175
Epoch 176
Epoch 177
Epoch 178
Epoch 179
Epoch 180
-----------------------
Epoch 180
Total Cost: 0.000812767880312
Training Accuracy: 1.0
Validation Accuracy: 0.999947440345
-----------------------
Epoch 181
Epoch 182
Epoch 183
Epoch 184
Epoch 185
Epoch 186
Epoch 187
Epoch 188
Epoch 189
Epoch 190
-----------------------
Epoch 190
Total Cost: 628.363960902
Training Accuracy: 1.0
Validation Accuracy: 0.999719681839
-----------------------
Epoch 191
Epoch 192
Epoch 193
Epoch 194
Epoch 195
Epoch 196
Epoch 197
Epoch 198
Epoch 199
Epoch 200
-----------------------
Epoch 200
Total Cost: 0.00261281262627
Training Accuracy: 1.0
Validation Accuracy: 0.999912400575
-----------------------
/home/cil/anaconda3/envs/deep-learning/lib/python3.5/re.py:203: FutureWarning: split() requires a non-empty pattern match.
  return _compile(pattern, flags).split(string, maxsplit)
Started Task: 3
Candidate Size 43863
vocab size: 14803
Longest sentence length 21
Longest candidate sentence length 13
Longest story length 205
Average story length 96
Training Size 141204
Validation Size 141420
Epoch 1
Epoch 2
Epoch 3
Epoch 4
Epoch 5
Epoch 6
Epoch 7
Epoch 8
Epoch 9
Epoch 10
-----------------------
Epoch 10
Total Cost: 78074.4592823
Training Accuracy: 0.775771224611
Validation Accuracy: 0.589442794513
-----------------------
Epoch 11
Epoch 12
Epoch 13
Epoch 14
Epoch 15
Epoch 16
Epoch 17
Epoch 18
Epoch 19
Epoch 20
-----------------------
Epoch 20
Total Cost: 58497.771486
Training Accuracy: 0.824629613892
Validation Accuracy: 0.587279027012
-----------------------
Epoch 21
Epoch 22
Epoch 23
Epoch 24
Epoch 25
Epoch 26
Epoch 27
Epoch 28
Epoch 29
Epoch 30
-----------------------
Epoch 30
Total Cost: 50993.9241422
Training Accuracy: 0.842589445058
Validation Accuracy: 0.576071277047
-----------------------
Epoch 31
Epoch 32
Epoch 33
Epoch 34
Epoch 35
Epoch 36
Epoch 37
Epoch 38
Epoch 39
Epoch 40
-----------------------
Epoch 40
Total Cost: 47483.8321593
Training Accuracy: 0.853800175632
Validation Accuracy: 0.573822655919
-----------------------
Epoch 41
Epoch 42
Epoch 43
Epoch 44
Epoch 45
Epoch 46
Epoch 47
Epoch 48
Epoch 49
Epoch 50
-----------------------
Epoch 50
Total Cost: 45232.3750105
Training Accuracy: 0.856108892099
Validation Accuracy: 0.567119219347
-----------------------
Epoch 51
Epoch 52
Epoch 53
Epoch 54
Epoch 55
Epoch 56
Epoch 57
Epoch 58
Epoch 59
Epoch 60
-----------------------
Epoch 60
Total Cost: 43858.7052165
Training Accuracy: 0.86219228917
Validation Accuracy: 0.572189223589
-----------------------
Epoch 61
Epoch 62
Epoch 63
Epoch 64
Epoch 65
Epoch 66
Epoch 67
Epoch 68
Epoch 69
Epoch 70
-----------------------
Epoch 70
Total Cost: 43010.5041391
Training Accuracy: 0.865117135492
Validation Accuracy: 0.575123744873
-----------------------
Epoch 71
Epoch 72
Epoch 73
Epoch 74
Epoch 75
Epoch 76
Epoch 77
Epoch 78
Epoch 79
Epoch 80
-----------------------
Epoch 80
Total Cost: 42752.5327159
Training Accuracy: 0.866568935724
Validation Accuracy: 0.572012445199
-----------------------
Epoch 81
Epoch 82
Epoch 83
Epoch 84
Epoch 85
Epoch 86
Epoch 87
Epoch 88
Epoch 89
Epoch 90
-----------------------
Epoch 90
Total Cost: 42034.7766734
Training Accuracy: 0.863566187927
Validation Accuracy: 0.573179182577
-----------------------
Epoch 91
Epoch 92
Epoch 93
Epoch 94
Epoch 95
Epoch 96
Epoch 97
Epoch 98
Epoch 99
Epoch 100
-----------------------
Epoch 100
Total Cost: 42008.4778033
Training Accuracy: 0.870272796805
Validation Accuracy: 0.570852778956
-----------------------
Epoch 101
Epoch 102
Epoch 103
Epoch 104
Epoch 105
Epoch 106
Epoch 107
Epoch 108
Epoch 109
Epoch 110
-----------------------
Epoch 110
Total Cost: 41863.0616172
Training Accuracy: 0.87119345061
Validation Accuracy: 0.573264036204
-----------------------
Epoch 111
Epoch 112
Epoch 113
Epoch 114
Epoch 115
Epoch 116
Epoch 117
Epoch 118
Epoch 119
Epoch 120
-----------------------
Epoch 120
Total Cost: 41271.378697
Training Accuracy: 0.872708988414
Validation Accuracy: 0.573716588884
-----------------------
Epoch 121
Epoch 122
Epoch 123
Epoch 124
Epoch 125
Epoch 126
Epoch 127
Epoch 128
Epoch 129
Epoch 130
-----------------------
Epoch 130
Total Cost: 41120.3170663
Training Accuracy: 0.875116852214
Validation Accuracy: 0.571036628483
-----------------------
Epoch 131
Epoch 132
Epoch 133
Epoch 134
Epoch 135
Epoch 136
Epoch 137
Epoch 138
Epoch 139
Epoch 140
-----------------------
Epoch 140
Total Cost: 41033.9348589
Training Accuracy: 0.871859154132
Validation Accuracy: 0.570463866497
-----------------------
Epoch 141
Epoch 142
Epoch 143
Epoch 144
Epoch 145
Epoch 146
Epoch 147
Epoch 148
Epoch 149
Epoch 150
-----------------------
Epoch 150
Total Cost: 41047.2832111
Training Accuracy: 0.871816662417
Validation Accuracy: 0.569063781643
-----------------------
Epoch 151
Epoch 152
Epoch 153
Epoch 154
Epoch 155
Epoch 156
Epoch 157
Epoch 158
Epoch 159
Epoch 160
-----------------------
Epoch 160
Total Cost: 40718.3468096
Training Accuracy: 0.873622560267
Validation Accuracy: 0.57225286381
-----------------------
Epoch 161
Epoch 162
Epoch 163
Epoch 164
Epoch 165
Epoch 166
Epoch 167
Epoch 168
Epoch 169
Epoch 170
-----------------------
Epoch 170
Total Cost: 40917.6951
Training Accuracy: 0.87037902609
Validation Accuracy: 0.564064488757
-----------------------
Epoch 171
Epoch 172
Epoch 173
Epoch 174
Epoch 175
Epoch 176
Epoch 177
Epoch 178
Epoch 179
Epoch 180
-----------------------
Epoch 180
Total Cost: 40933.4328636
Training Accuracy: 0.875563015212
Validation Accuracy: 0.567423278178
-----------------------
Epoch 181
Epoch 182
Epoch 183
Epoch 184
Epoch 185
Epoch 186
Epoch 187
Epoch 188
Epoch 189
Epoch 190
-----------------------
Epoch 190
Total Cost: 41169.7195714
Training Accuracy: 0.874784000453
Validation Accuracy: 0.568759722811
-----------------------
Epoch 191
Epoch 192
Epoch 193
Epoch 194
Epoch 195
Epoch 196
Epoch 197
Epoch 198
Epoch 199
Epoch 200
-----------------------
Epoch 200
Total Cost: 41400.4628731
Training Accuracy: 0.875279737118
Validation Accuracy: 0.571757884316
-----------------------
/home/cil/anaconda3/envs/deep-learning/lib/python3.5/re.py:203: FutureWarning: split() requires a non-empty pattern match.
  return _compile(pattern, flags).split(string, maxsplit)
Started Task: 4
Candidate Size 43863
vocab size: 14636
Longest sentence length 11
Longest candidate sentence length 13
Longest story length 19
Average story length 15
Training Size 21042
Validation Size 21174
Epoch 1
Epoch 2
Epoch 3
Epoch 4
Epoch 5
Epoch 6
Epoch 7
Epoch 8
Epoch 9
Epoch 10
-----------------------
Epoch 10
Total Cost: 15.9091204084
Training Accuracy: 1.0
Validation Accuracy: 0.0
-----------------------
Epoch 11
Epoch 12
Epoch 13
Epoch 14
Epoch 15
Epoch 16
Epoch 17
Epoch 18
Epoch 19
Epoch 20
-----------------------
Epoch 20
Total Cost: 0.317494517356
Training Accuracy: 1.0
Validation Accuracy: 0.0
-----------------------
Epoch 21
Epoch 22
Epoch 23
Epoch 24
Epoch 25
Epoch 26
Epoch 27
Epoch 28
Epoch 29
Epoch 30
-----------------------
Epoch 30
Total Cost: 416.872554829
Training Accuracy: 0.999857428001
Validation Accuracy: 0.0
-----------------------
Epoch 31
Epoch 32
Epoch 33
Epoch 34
Epoch 35
Epoch 36
Epoch 37
Epoch 38
Epoch 39
Epoch 40
-----------------------
Epoch 40
Total Cost: 0.0551654112029
Training Accuracy: 1.0
Validation Accuracy: 0.0
-----------------------
Epoch 41
Epoch 42
Epoch 43
Epoch 44
Epoch 45
Epoch 46
Epoch 47
Epoch 48
Epoch 49
Epoch 50
-----------------------
Epoch 50
Total Cost: 0.0940506638319
Training Accuracy: 1.0
Validation Accuracy: 0.0
-----------------------
Epoch 51
Epoch 52
Epoch 53
Epoch 54
Epoch 55
Epoch 56
Epoch 57
Epoch 58
Epoch 59
Epoch 60
-----------------------
Epoch 60
Total Cost: 0.0117288305161
Training Accuracy: 1.0
Validation Accuracy: 0.0
-----------------------
Epoch 61
Epoch 62
Epoch 63
Epoch 64
Epoch 65
Epoch 66
Epoch 67
Epoch 68
Epoch 69
Epoch 70
-----------------------
Epoch 70
Total Cost: 0.028905329778
Training Accuracy: 1.0
Validation Accuracy: 0.0
-----------------------
Epoch 71
Epoch 72
Epoch 73
Epoch 74
Epoch 75
Epoch 76
Epoch 77
Epoch 78
Epoch 79
Epoch 80
-----------------------
Epoch 80
Total Cost: 0.0181258693132
Training Accuracy: 1.0
Validation Accuracy: 0.0
-----------------------
Epoch 81
Epoch 82
Epoch 83
Epoch 84
Epoch 85
Epoch 86
Epoch 87
Epoch 88
Epoch 89
Epoch 90
-----------------------
Epoch 90
Total Cost: 0.0151983480738
Training Accuracy: 1.0
Validation Accuracy: 0.0
-----------------------
Epoch 91
Epoch 92
Epoch 93
Epoch 94
Epoch 95
Epoch 96
Epoch 97
Epoch 98
Epoch 99
Epoch 100
-----------------------
Epoch 100
Total Cost: 0.0189138159872
Training Accuracy: 1.0
Validation Accuracy: 0.0
-----------------------
Epoch 101
Epoch 102
Epoch 103
Epoch 104
Epoch 105
Epoch 106
Epoch 107
Epoch 108
Epoch 109
Epoch 110
-----------------------
Epoch 110
Total Cost: 0.0133763780709
Training Accuracy: 1.0
Validation Accuracy: 0.0
-----------------------
Epoch 111
Epoch 112
Epoch 113
Epoch 114
Epoch 115
Epoch 116
Epoch 117
Epoch 118
Epoch 119
Epoch 120
-----------------------
Epoch 120
Total Cost: 0.0150453305127
Training Accuracy: 1.0
Validation Accuracy: 0.0
-----------------------
Epoch 121
Epoch 122
Epoch 123
Epoch 124
Epoch 125
Epoch 126
Epoch 127
Epoch 128
Epoch 129
Epoch 130
-----------------------
Epoch 130
Total Cost: 0.0177919487245
Training Accuracy: 1.0
Validation Accuracy: 0.0
-----------------------
Epoch 131
Epoch 132
Epoch 133
Epoch 134
Epoch 135
Epoch 136
Epoch 137
Epoch 138
Epoch 139
Epoch 140
-----------------------
Epoch 140
Total Cost: 0.0163825229999
Training Accuracy: 1.0
Validation Accuracy: 0.0
-----------------------
Epoch 141
Epoch 142
Epoch 143
Epoch 144
Epoch 145
Epoch 146
Epoch 147
Epoch 148
Epoch 149
Epoch 150
-----------------------
Epoch 150
Total Cost: 0.0432210190257
Training Accuracy: 1.0
Validation Accuracy: 0.0
-----------------------
Epoch 151
Epoch 152
Epoch 153
Epoch 154
Epoch 155
Epoch 156
Epoch 157
Epoch 158
Epoch 159
Epoch 160
-----------------------
Epoch 160
Total Cost: 1.93322960589
Training Accuracy: 1.0
Validation Accuracy: 0.0
-----------------------
Epoch 161
Epoch 162
Epoch 163
Epoch 164
Epoch 165
Epoch 166
Epoch 167
Epoch 168
Epoch 169
Epoch 170
-----------------------
Epoch 170
Total Cost: 0.0460177898297
Training Accuracy: 1.0
Validation Accuracy: 0.0
-----------------------
Epoch 171
Epoch 172
Epoch 173
Epoch 174
Epoch 175
Epoch 176
Epoch 177
Epoch 178
Epoch 179
Epoch 180
-----------------------
Epoch 180
Total Cost: 325.155405994
Training Accuracy: 0.999001996008
Validation Accuracy: 0.0
-----------------------
Epoch 181
Epoch 182
Epoch 183
Epoch 184
Epoch 185
Epoch 186
Epoch 187
Epoch 188
Epoch 189
Epoch 190
-----------------------
Epoch 190
Total Cost: 159.100351393
Training Accuracy: 0.999714856002
Validation Accuracy: 0.0
-----------------------
Epoch 191
Epoch 192
Epoch 193
Epoch 194
Epoch 195
Epoch 196
Epoch 197
Epoch 198
Epoch 199
Epoch 200
-----------------------
Epoch 200
Total Cost: 54.0993341325
Training Accuracy: 1.0
Validation Accuracy: 0.0
-----------------------
/home/cil/anaconda3/envs/deep-learning/lib/python3.5/re.py:203: FutureWarning: split() requires a non-empty pattern match.
  return _compile(pattern, flags).split(string, maxsplit)
Started Task: 5
Candidate Size 43863
vocab size: 14821
Longest sentence length 19
Longest candidate sentence length 13
Longest story length 223
Average story length 63
Training Size 244632
Validation Size 243948
Epoch 1
Epoch 2
Epoch 3
Epoch 4
Epoch 5
Epoch 6
Epoch 7
Epoch 8
Epoch 9
Epoch 10
-----------------------
Epoch 10
Total Cost: 76911.3510068
Training Accuracy: 0.91727165702
Validation Accuracy: 0.826471215177
-----------------------
Epoch 11
Epoch 12
Epoch 13
Epoch 14
Epoch 15
Epoch 16
Epoch 17
Epoch 18
Epoch 19
Epoch 20
-----------------------
Epoch 20
Total Cost: 57171.4679217
Training Accuracy: 0.936684489355
Validation Accuracy: 0.821056126716
-----------------------
Epoch 21
Epoch 22
Epoch 23
Epoch 24
Epoch 25
Epoch 26
Epoch 27
Epoch 28
Epoch 29
Epoch 30
-----------------------
Epoch 30
Total Cost: 51169.3493833
Training Accuracy: 0.945751169103
Validation Accuracy: 0.824462590388
-----------------------
Epoch 31
Epoch 32
Epoch 33
Epoch 34
Epoch 35
Epoch 36
Epoch 37
Epoch 38
Epoch 39
Epoch 40
-----------------------
Epoch 40
Total Cost: 51669.2873935
Training Accuracy: 0.94719415285
Validation Accuracy: 0.820199386755
-----------------------
Epoch 41
Epoch 42
Epoch 43
Epoch 44
Epoch 45
Epoch 46
Epoch 47
Epoch 48
Epoch 49
Epoch 50
-----------------------
Epoch 50
Total Cost: 50804.0438192
Training Accuracy: 0.943985251316
Validation Accuracy: 0.815993572401
-----------------------
Epoch 51
Epoch 52
Epoch 53
Epoch 54
Epoch 55
Epoch 56
Epoch 57
Epoch 58
Epoch 59
Epoch 60
-----------------------
Epoch 60
Total Cost: 49494.3611344
Training Accuracy: 0.948878315184
Validation Accuracy: 0.819400036073
-----------------------
Epoch 61
Epoch 62
Epoch 63
Epoch 64
Epoch 65
Epoch 66
Epoch 67
Epoch 68
Epoch 69
Epoch 70
-----------------------
Epoch 70
Total Cost: 50916.724904
Training Accuracy: 0.945203407567
Validation Accuracy: 0.815091740863
-----------------------
Epoch 71
Epoch 72
Epoch 73
Epoch 74
Epoch 75
Epoch 76
Epoch 77
Epoch 78
Epoch 79
Epoch 80
-----------------------
Epoch 80
Total Cost: 51899.9628677
Training Accuracy: 0.947729651068
Validation Accuracy: 0.816510075918
-----------------------
Epoch 81
Epoch 82
Epoch 83
Epoch 84
Epoch 85
Epoch 86
Epoch 87
Epoch 88
Epoch 89
Epoch 90
-----------------------
Epoch 90
Total Cost: 51470.2272476
Training Accuracy: 0.948007619608
Validation Accuracy: 0.814222703199
-----------------------
Epoch 91
Epoch 92
Epoch 93
Epoch 94
Epoch 95
Epoch 96
Epoch 97
Epoch 98
Epoch 99
Epoch 100
-----------------------
Epoch 100
Total Cost: 51617.8613741
Training Accuracy: 0.94817930606
Validation Accuracy: 0.814275993244
-----------------------
Epoch 101
Epoch 102
Epoch 103
Epoch 104
Epoch 105
Epoch 106
Epoch 107
Epoch 108
Epoch 109
Epoch 110
-----------------------
Epoch 110
Total Cost: 52793.6486768
Training Accuracy: 0.943601000687
Validation Accuracy: 0.811353239215
-----------------------
Epoch 111
Epoch 112
Epoch 113
Epoch 114
Epoch 115
Epoch 116
Epoch 117
Epoch 118
Epoch 119
Epoch 120
-----------------------
Epoch 120
Total Cost: 56142.9938273
Training Accuracy: 0.947500735799
Validation Accuracy: 0.813681604276
-----------------------
Epoch 121
Epoch 122
Epoch 123
Epoch 124
Epoch 125
Epoch 126
Epoch 127
Epoch 128
Epoch 129
Epoch 130
-----------------------
Epoch 130
Total Cost: 54331.1540166
Training Accuracy: 0.94719415285
Validation Accuracy: 0.814177611622
-----------------------
Epoch 131
Epoch 132
Epoch 133
Epoch 134
Epoch 135
Epoch 136
Epoch 137
Epoch 138
Epoch 139
Epoch 140
-----------------------
Epoch 140
Total Cost: 54550.3302713
Training Accuracy: 0.941389515681
Validation Accuracy: 0.807114630987
-----------------------
Epoch 141
Epoch 142
Epoch 143
Epoch 144
Epoch 145
Epoch 146
Epoch 147
Epoch 148
Epoch 149
Epoch 150
-----------------------
Epoch 150
Total Cost: 53535.8062237
Training Accuracy: 0.944986755617
Validation Accuracy: 0.811283552232
-----------------------
Epoch 151
Epoch 152
Epoch 153
Epoch 154
Epoch 155
Epoch 156
Epoch 157
Epoch 158
Epoch 159
Epoch 160
-----------------------
Epoch 160
Total Cost: 54644.3080786
Training Accuracy: 0.946462441545
Validation Accuracy: 0.813025726794
-----------------------
Epoch 161
Epoch 162
Epoch 163
Epoch 164
Epoch 165
Epoch 166
Epoch 167
Epoch 168
Epoch 169
Epoch 170
-----------------------
Epoch 170
Total Cost: 56065.2048387
Training Accuracy: 0.940330782563
Validation Accuracy: 0.805962746159
-----------------------
Epoch 171
Epoch 172
Epoch 173
Epoch 174
Epoch 175
Epoch 176
Epoch 177
Epoch 178
Epoch 179
Epoch 180
-----------------------
Epoch 180
Total Cost: 55133.0832791
Training Accuracy: 0.946977500899
Validation Accuracy: 0.813033925263
-----------------------
Epoch 181
Epoch 182
Epoch 183
Epoch 184
Epoch 185
Epoch 186
Epoch 187
Epoch 188
Epoch 189
Epoch 190
-----------------------
Epoch 190
Total Cost: 54122.7419666
Training Accuracy: 0.948743418686
Validation Accuracy: 0.815304901044
-----------------------
Epoch 191
Epoch 192
Epoch 193
Epoch 194
Epoch 195
Epoch 196
Epoch 197
Epoch 198
Epoch 199
Epoch 200
-----------------------
Epoch 200
Total Cost: 53958.7396152
Training Accuracy: 0.943862618137
Validation Accuracy: 0.811148277502
-----------------------
/home/cil/anaconda3/envs/deep-learning/lib/python3.5/re.py:203: FutureWarning: split() requires a non-empty pattern match.
  return _compile(pattern, flags).split(string, maxsplit)
Started Task: 1
Candidate Size 43863
vocab size: 14590
Longest sentence length 21
Longest candidate sentence length 13
Longest story length 15
Average story length 6
Testing Size 35616
Testing Accuracy: 0.99834344115
/home/cil/anaconda3/envs/deep-learning/lib/python3.5/re.py:203: FutureWarning: split() requires a non-empty pattern match.
  return _compile(pattern, flags).split(string, maxsplit)
Started Task: 2
Candidate Size 43863
vocab size: 14596
Longest sentence length 21
Longest candidate sentence length 13
Longest story length 21
Average story length 9
Testing Size 56784
Testing Accuracy: 0.999947168216
/home/cil/anaconda3/envs/deep-learning/lib/python3.5/re.py:203: FutureWarning: split() requires a non-empty pattern match.
  return _compile(pattern, flags).split(string, maxsplit)
Started Task: 3
Candidate Size 43863
vocab size: 14803
Longest sentence length 21
Longest candidate sentence length 13
Longest story length 205
Average story length 96
Testing Size 141024
Testing Accuracy: 0.589403222147
/home/cil/anaconda3/envs/deep-learning/lib/python3.5/re.py:203: FutureWarning: split() requires a non-empty pattern match.
  return _compile(pattern, flags).split(string, maxsplit)
Started Task: 4
Candidate Size 43863
vocab size: 14636
Longest sentence length 11
Longest candidate sentence length 13
Longest story length 19
Average story length 15
...no checkpoint found...
Testing Size 20988
Testing Accuracy: 4.76462740614e-05
/home/cil/anaconda3/envs/deep-learning/lib/python3.5/re.py:203: FutureWarning: split() requires a non-empty pattern match.
  return _compile(pattern, flags).split(string, maxsplit)
Started Task: 5
Candidate Size 43863
vocab size: 14821
Longest sentence length 19
Longest candidate sentence length 13
Longest story length 223
Average story length 63
Testing Size 245088
Testing Accuracy: 0.826046154851
/home/cil/anaconda3/envs/deep-learning/lib/python3.5/re.py:203: FutureWarning: split() requires a non-empty pattern match.
  return _compile(pattern, flags).split(string, maxsplit)
Started Task: 1
Candidate Size 43863
vocab size: 14590
Longest sentence length 21
Longest candidate sentence length 13
Longest story length 15
Average story length 6
Testing Size 36120
Testing Accuracy: 0.755786267996
/home/cil/anaconda3/envs/deep-learning/lib/python3.5/re.py:203: FutureWarning: split() requires a non-empty pattern match.
  return _compile(pattern, flags).split(string, maxsplit)
Started Task: 2
Candidate Size 43863
vocab size: 14596
Longest sentence length 21
Longest candidate sentence length 13
Longest story length 21
Average story length 9
Testing Size 56760
Testing Accuracy: 0.788583509514
/home/cil/anaconda3/envs/deep-learning/lib/python3.5/re.py:203: FutureWarning: split() requires a non-empty pattern match.
  return _compile(pattern, flags).split(string, maxsplit)
Started Task: 3
Candidate Size 43863
vocab size: 14818
Longest sentence length 21
Longest candidate sentence length 13
Longest story length 205
Average story length 95
Traceback (most recent call last):
  File "/home/cil/anaconda3/envs/deep-learning/lib/python3.5/site-packages/tensorflow/python/client/session.py", line 1021, in _do_call
    return fn(*args)
  File "/home/cil/anaconda3/envs/deep-learning/lib/python3.5/site-packages/tensorflow/python/client/session.py", line 1003, in _run_fn
    status, run_metadata)
  File "/home/cil/anaconda3/envs/deep-learning/lib/python3.5/contextlib.py", line 66, in __exit__
    next(self.gen)
  File "/home/cil/anaconda3/envs/deep-learning/lib/python3.5/site-packages/tensorflow/python/framework/errors_impl.py", line 469, in raise_exception_on_not_ok_status
    pywrap_tensorflow.TF_GetCode(status))
tensorflow.python.framework.errors_impl.InvalidArgumentError: Assign requires shapes of both tensors to match. lhs shape= [14818,20] rhs shape= [14803,20]
	 [[Node: save/Assign_6 = Assign[T=DT_FLOAT, _class=["loc:@MemN2N/W"], use_locking=true, validate_shape=true, _device="/job:localhost/replica:0/task:0/cpu:0"](MemN2N/W, save/RestoreV2_6)]]

During handling of the above exception, another exception occurred:

Traceback (most recent call last):
  File "single_dialog.py", line 214, in <module>
    chatbot.test()
  File "single_dialog.py", line 179, in test
    self.saver.restore(self.sess, ckpt.model_checkpoint_path)
  File "/home/cil/anaconda3/envs/deep-learning/lib/python3.5/site-packages/tensorflow/python/training/saver.py", line 1388, in restore
    {self.saver_def.filename_tensor_name: save_path})
  File "/home/cil/anaconda3/envs/deep-learning/lib/python3.5/site-packages/tensorflow/python/client/session.py", line 766, in run
    run_metadata_ptr)
  File "/home/cil/anaconda3/envs/deep-learning/lib/python3.5/site-packages/tensorflow/python/client/session.py", line 964, in _run
    feed_dict_string, options, run_metadata)
  File "/home/cil/anaconda3/envs/deep-learning/lib/python3.5/site-packages/tensorflow/python/client/session.py", line 1014, in _do_run
    target_list, options, run_metadata)
  File "/home/cil/anaconda3/envs/deep-learning/lib/python3.5/site-packages/tensorflow/python/client/session.py", line 1034, in _do_call
    raise type(e)(node_def, op, message)
tensorflow.python.framework.errors_impl.InvalidArgumentError: Assign requires shapes of both tensors to match. lhs shape= [14818,20] rhs shape= [14803,20]
	 [[Node: save/Assign_6 = Assign[T=DT_FLOAT, _class=["loc:@MemN2N/W"], use_locking=true, validate_shape=true, _device="/job:localhost/replica:0/task:0/cpu:0"](MemN2N/W, save/RestoreV2_6)]]

Caused by op 'save/Assign_6', defined at:
  File "single_dialog.py", line 209, in <module>
    chatbot=chatBot(FLAGS.data_dir,model_dir,FLAGS.task_id,OOV=FLAGS.OOV,isInteractive=FLAGS.interactive,batch_size=FLAGS.batch_size)
  File "single_dialog.py", line 67, in __init__
    self.saver = tf.train.Saver(max_to_keep=50)
  File "/home/cil/anaconda3/envs/deep-learning/lib/python3.5/site-packages/tensorflow/python/training/saver.py", line 1000, in __init__
    self.build()
  File "/home/cil/anaconda3/envs/deep-learning/lib/python3.5/site-packages/tensorflow/python/training/saver.py", line 1030, in build
    restore_sequentially=self._restore_sequentially)
  File "/home/cil/anaconda3/envs/deep-learning/lib/python3.5/site-packages/tensorflow/python/training/saver.py", line 624, in build
    restore_sequentially, reshape)
  File "/home/cil/anaconda3/envs/deep-learning/lib/python3.5/site-packages/tensorflow/python/training/saver.py", line 373, in _AddRestoreOps
    assign_ops.append(saveable.restore(tensors, shapes))
  File "/home/cil/anaconda3/envs/deep-learning/lib/python3.5/site-packages/tensorflow/python/training/saver.py", line 130, in restore
    self.op.get_shape().is_fully_defined())
  File "/home/cil/anaconda3/envs/deep-learning/lib/python3.5/site-packages/tensorflow/python/ops/gen_state_ops.py", line 47, in assign
    use_locking=use_locking, name=name)
  File "/home/cil/anaconda3/envs/deep-learning/lib/python3.5/site-packages/tensorflow/python/framework/op_def_library.py", line 759, in apply_op
    op_def=op_def)
  File "/home/cil/anaconda3/envs/deep-learning/lib/python3.5/site-packages/tensorflow/python/framework/ops.py", line 2240, in create_op
    original_op=self._default_original_op, op_def=op_def)
  File "/home/cil/anaconda3/envs/deep-learning/lib/python3.5/site-packages/tensorflow/python/framework/ops.py", line 1128, in __init__
    self._traceback = _extract_stack()

InvalidArgumentError (see above for traceback): Assign requires shapes of both tensors to match. lhs shape= [14818,20] rhs shape= [14803,20]
	 [[Node: save/Assign_6 = Assign[T=DT_FLOAT, _class=["loc:@MemN2N/W"], use_locking=true, validate_shape=true, _device="/job:localhost/replica:0/task:0/cpu:0"](MemN2N/W, save/RestoreV2_6)]]

/home/cil/anaconda3/envs/deep-learning/lib/python3.5/re.py:203: FutureWarning: split() requires a non-empty pattern match.
  return _compile(pattern, flags).split(string, maxsplit)
Started Task: 4
Candidate Size 43863
vocab size: 14651
Longest sentence length 11
Longest candidate sentence length 13
Longest story length 19
Average story length 15
...no checkpoint found...
Testing Size 21060
Testing Accuracy: 0.0
/home/cil/anaconda3/envs/deep-learning/lib/python3.5/re.py:203: FutureWarning: split() requires a non-empty pattern match.
  return _compile(pattern, flags).split(string, maxsplit)
Started Task: 5
Candidate Size 43863
vocab size: 14836
Longest sentence length 19
Longest candidate sentence length 13
Longest story length 223
Average story length 62
Traceback (most recent call last):
  File "/home/cil/anaconda3/envs/deep-learning/lib/python3.5/site-packages/tensorflow/python/client/session.py", line 1021, in _do_call
    return fn(*args)
  File "/home/cil/anaconda3/envs/deep-learning/lib/python3.5/site-packages/tensorflow/python/client/session.py", line 1003, in _run_fn
    status, run_metadata)
  File "/home/cil/anaconda3/envs/deep-learning/lib/python3.5/contextlib.py", line 66, in __exit__
    next(self.gen)
  File "/home/cil/anaconda3/envs/deep-learning/lib/python3.5/site-packages/tensorflow/python/framework/errors_impl.py", line 469, in raise_exception_on_not_ok_status
    pywrap_tensorflow.TF_GetCode(status))
tensorflow.python.framework.errors_impl.InvalidArgumentError: Assign requires shapes of both tensors to match. lhs shape= [14836,20] rhs shape= [14821,20]
	 [[Node: save/Assign = Assign[T=DT_FLOAT, _class=["loc:@MemN2N/A"], use_locking=true, validate_shape=true, _device="/job:localhost/replica:0/task:0/cpu:0"](MemN2N/A, save/RestoreV2)]]

During handling of the above exception, another exception occurred:

Traceback (most recent call last):
  File "single_dialog.py", line 214, in <module>
    chatbot.test()
  File "single_dialog.py", line 179, in test
    self.saver.restore(self.sess, ckpt.model_checkpoint_path)
  File "/home/cil/anaconda3/envs/deep-learning/lib/python3.5/site-packages/tensorflow/python/training/saver.py", line 1388, in restore
    {self.saver_def.filename_tensor_name: save_path})
  File "/home/cil/anaconda3/envs/deep-learning/lib/python3.5/site-packages/tensorflow/python/client/session.py", line 766, in run
    run_metadata_ptr)
  File "/home/cil/anaconda3/envs/deep-learning/lib/python3.5/site-packages/tensorflow/python/client/session.py", line 964, in _run
    feed_dict_string, options, run_metadata)
  File "/home/cil/anaconda3/envs/deep-learning/lib/python3.5/site-packages/tensorflow/python/client/session.py", line 1014, in _do_run
    target_list, options, run_metadata)
  File "/home/cil/anaconda3/envs/deep-learning/lib/python3.5/site-packages/tensorflow/python/client/session.py", line 1034, in _do_call
    raise type(e)(node_def, op, message)
tensorflow.python.framework.errors_impl.InvalidArgumentError: Assign requires shapes of both tensors to match. lhs shape= [14836,20] rhs shape= [14821,20]
	 [[Node: save/Assign = Assign[T=DT_FLOAT, _class=["loc:@MemN2N/A"], use_locking=true, validate_shape=true, _device="/job:localhost/replica:0/task:0/cpu:0"](MemN2N/A, save/RestoreV2)]]

Caused by op 'save/Assign', defined at:
  File "single_dialog.py", line 209, in <module>
    chatbot=chatBot(FLAGS.data_dir,model_dir,FLAGS.task_id,OOV=FLAGS.OOV,isInteractive=FLAGS.interactive,batch_size=FLAGS.batch_size)
  File "single_dialog.py", line 67, in __init__
    self.saver = tf.train.Saver(max_to_keep=50)
  File "/home/cil/anaconda3/envs/deep-learning/lib/python3.5/site-packages/tensorflow/python/training/saver.py", line 1000, in __init__
    self.build()
  File "/home/cil/anaconda3/envs/deep-learning/lib/python3.5/site-packages/tensorflow/python/training/saver.py", line 1030, in build
    restore_sequentially=self._restore_sequentially)
  File "/home/cil/anaconda3/envs/deep-learning/lib/python3.5/site-packages/tensorflow/python/training/saver.py", line 624, in build
    restore_sequentially, reshape)
  File "/home/cil/anaconda3/envs/deep-learning/lib/python3.5/site-packages/tensorflow/python/training/saver.py", line 373, in _AddRestoreOps
    assign_ops.append(saveable.restore(tensors, shapes))
  File "/home/cil/anaconda3/envs/deep-learning/lib/python3.5/site-packages/tensorflow/python/training/saver.py", line 130, in restore
    self.op.get_shape().is_fully_defined())
  File "/home/cil/anaconda3/envs/deep-learning/lib/python3.5/site-packages/tensorflow/python/ops/gen_state_ops.py", line 47, in assign
    use_locking=use_locking, name=name)
  File "/home/cil/anaconda3/envs/deep-learning/lib/python3.5/site-packages/tensorflow/python/framework/op_def_library.py", line 759, in apply_op
    op_def=op_def)
  File "/home/cil/anaconda3/envs/deep-learning/lib/python3.5/site-packages/tensorflow/python/framework/ops.py", line 2240, in create_op
    original_op=self._default_original_op, op_def=op_def)
  File "/home/cil/anaconda3/envs/deep-learning/lib/python3.5/site-packages/tensorflow/python/framework/ops.py", line 1128, in __init__
    self._traceback = _extract_stack()

InvalidArgumentError (see above for traceback): Assign requires shapes of both tensors to match. lhs shape= [14836,20] rhs shape= [14821,20]
	 [[Node: save/Assign = Assign[T=DT_FLOAT, _class=["loc:@MemN2N/A"], use_locking=true, validate_shape=true, _device="/job:localhost/replica:0/task:0/cpu:0"](MemN2N/A, save/RestoreV2)]]

