/root/joshi/tensorflow/lib/python3.5/re.py:203: FutureWarning: split() requires a non-empty pattern match.
  return _compile(pattern, flags).split(string, maxsplit)
Started Task: 1
Candidate Size 43863
vocab size: 14590
Longest sentence length 21
Longest candidate sentence length 13
Longest story length 15
Average story length 6
Training Size 6024
Validation Size 6015
Epoch 1
Epoch 2
Epoch 3
Epoch 4
Epoch 5
Epoch 6
Epoch 7
Epoch 8
Epoch 9
Epoch 10
-----------------------
Epoch 10
Total Cost: 6801.12684
Training Accuracy: 0.720451527224
Validation Accuracy: 0.70357439734
-----------------------
Epoch 11
Epoch 12
Epoch 13
Epoch 14
Epoch 15
Epoch 16
Epoch 17
Epoch 18
Epoch 19
Epoch 20
-----------------------
Epoch 20
Total Cost: 5009.74871099
Training Accuracy: 0.784860557769
Validation Accuracy: 0.752119700748
-----------------------
Epoch 21
Epoch 22
Epoch 23
Epoch 24
Epoch 25
Epoch 26
Epoch 27
Epoch 28
Epoch 29
Epoch 30
-----------------------
Epoch 30
Total Cost: 2430.75744762
Training Accuracy: 0.903386454183
Validation Accuracy: 0.843225270158
-----------------------
Epoch 31
Epoch 32
Epoch 33
Epoch 34
Epoch 35
Epoch 36
Epoch 37
Epoch 38
Epoch 39
Epoch 40
-----------------------
Epoch 40
Total Cost: 1242.67488771
Training Accuracy: 0.962815405046
Validation Accuracy: 0.901246882793
-----------------------
Epoch 41
Epoch 42
Epoch 43
Epoch 44
Epoch 45
Epoch 46
Epoch 47
Epoch 48
Epoch 49
Epoch 50
-----------------------
Epoch 50
Total Cost: 608.107225421
Training Accuracy: 0.978917662683
Validation Accuracy: 0.918536990856
-----------------------
Epoch 51
Epoch 52
Epoch 53
Epoch 54
Epoch 55
Epoch 56
Epoch 57
Epoch 58
Epoch 59
Epoch 60
-----------------------
Epoch 60
Total Cost: 372.014216958
Training Accuracy: 0.991533864542
Validation Accuracy: 0.940149625935
-----------------------
Epoch 61
Epoch 62
Epoch 63
Epoch 64
Epoch 65
Epoch 66
Epoch 67
Epoch 68
Epoch 69
Epoch 70
-----------------------
Epoch 70
Total Cost: 314.881793567
Training Accuracy: 0.991533864542
Validation Accuracy: 0.950789692436
-----------------------
Epoch 71
Epoch 72
Epoch 73
Epoch 74
Epoch 75
Epoch 76
Epoch 77
Epoch 78
Epoch 79
Epoch 80
-----------------------
Epoch 80
Total Cost: 278.073165096
Training Accuracy: 0.994521912351
Validation Accuracy: 0.959434746467
-----------------------
Epoch 81
Epoch 82
Epoch 83
Epoch 84
Epoch 85
Epoch 86
Epoch 87
Epoch 88
Epoch 89
Epoch 90
-----------------------
Epoch 90
Total Cost: 130.410826025
Training Accuracy: 0.996181938911
Validation Accuracy: 0.962593516209
-----------------------
Epoch 91
Epoch 92
Epoch 93
Epoch 94
Epoch 95
Epoch 96
Epoch 97
Epoch 98
Epoch 99
Epoch 100
-----------------------
Epoch 100
Total Cost: 153.147281385
Training Accuracy: 0.997343957503
Validation Accuracy: 0.968578553616
-----------------------
Epoch 101
Epoch 102
Epoch 103
Epoch 104
Epoch 105
Epoch 106
Epoch 107
Epoch 108
Epoch 109
Epoch 110
-----------------------
Epoch 110
Total Cost: 136.58142411
Training Accuracy: 0.997343957503
Validation Accuracy: 0.97140482128
-----------------------
Epoch 111
Epoch 112
Epoch 113
Epoch 114
Epoch 115
Epoch 116
Epoch 117
Epoch 118
Epoch 119
Epoch 120
-----------------------
Epoch 120
Total Cost: 93.0431828847
Training Accuracy: 0.998505976096
Validation Accuracy: 0.975228595179
-----------------------
Epoch 121
Epoch 122
Epoch 123
Epoch 124
Epoch 125
Epoch 126
Epoch 127
Epoch 128
Epoch 129
Epoch 130
-----------------------
Epoch 130
Total Cost: 132.602355473
Training Accuracy: 0.994023904382
Validation Accuracy: 0.976226101413
-----------------------
Epoch 131
Epoch 132
Epoch 133
Epoch 134
Epoch 135
Epoch 136
Epoch 137
Epoch 138
Epoch 139
Epoch 140
-----------------------
Epoch 140
Total Cost: 125.970421939
Training Accuracy: 0.987051792829
Validation Accuracy: 0.964089775561
-----------------------
Epoch 141
Epoch 142
Epoch 143
Epoch 144
Epoch 145
Epoch 146
Epoch 147
Epoch 148
Epoch 149
Epoch 150
-----------------------
Epoch 150
Total Cost: 131.989868644
Training Accuracy: 0.995185922975
Validation Accuracy: 0.977556109726
-----------------------
Epoch 151
Epoch 152
Epoch 153
Epoch 154
Epoch 155
Epoch 156
Epoch 157
Epoch 158
Epoch 159
Epoch 160
-----------------------
Epoch 160
Total Cost: 47.8461750792
Training Accuracy: 0.99833997344
Validation Accuracy: 0.982543640898
-----------------------
Epoch 161
Epoch 162
Epoch 163
Epoch 164
Epoch 165
Epoch 166
Epoch 167
Epoch 168
Epoch 169
Epoch 170
-----------------------
Epoch 170
Total Cost: 102.635955553
Training Accuracy: 0.999335989376
Validation Accuracy: 0.98221113882
-----------------------
Epoch 171
Epoch 172
Epoch 173
Epoch 174
Epoch 175
Epoch 176
Epoch 177
Epoch 178
Epoch 179
Epoch 180
-----------------------
Epoch 180
Total Cost: 83.1009685636
Training Accuracy: 0.998505976096
Validation Accuracy: 0.986699916874
-----------------------
Epoch 181
Epoch 182
Epoch 183
Epoch 184
Epoch 185
Epoch 186
Epoch 187
Epoch 188
Epoch 189
Epoch 190
-----------------------
Epoch 190
Total Cost: 100.415387057
Training Accuracy: 0.999501992032
Validation Accuracy: 0.987863674148
-----------------------
Epoch 191
Epoch 192
Epoch 193
Epoch 194
Epoch 195
Epoch 196
Epoch 197
Epoch 198
Epoch 199
Epoch 200
-----------------------
Epoch 200
Total Cost: 78.413256799
Training Accuracy: 0.994355909695
Validation Accuracy: 0.977556109726
-----------------------
/root/joshi/tensorflow/lib/python3.5/re.py:203: FutureWarning: split() requires a non-empty pattern match.
  return _compile(pattern, flags).split(string, maxsplit)
Started Task: 2
Candidate Size 43863
vocab size: 14596
Longest sentence length 21
Longest candidate sentence length 13
Longest story length 21
Average story length 9
Training Size 9498
Validation Size 9513
Epoch 1
Epoch 2
Epoch 3
Epoch 4
Epoch 5
Epoch 6
Epoch 7
Epoch 8
Epoch 9
Epoch 10
-----------------------
Epoch 10
Total Cost: 10936.9845626
Training Accuracy: 0.789850494841
Validation Accuracy: 0.79091769158
-----------------------
Epoch 11
Epoch 12
Epoch 13
Epoch 14
Epoch 15
Epoch 16
Epoch 17
Epoch 18
Epoch 19
Epoch 20
-----------------------
Epoch 20
Total Cost: 10181.5811644
Training Accuracy: 0.793114339861
Validation Accuracy: 0.791653526753
-----------------------
Epoch 21
Epoch 22
Epoch 23
Epoch 24
Epoch 25
Epoch 26
Epoch 27
Epoch 28
Epoch 29
Epoch 30
-----------------------
Epoch 30
Total Cost: 8369.52061638
Training Accuracy: 0.803327016214
Validation Accuracy: 0.797119730895
-----------------------
Epoch 31
Epoch 32
Epoch 33
Epoch 34
Epoch 35
Epoch 36
Epoch 37
Epoch 38
Epoch 39
Epoch 40
-----------------------
Epoch 40
Total Cost: 5685.98149786
Training Accuracy: 0.862076226574
Validation Accuracy: 0.837065068853
-----------------------
Epoch 41
Epoch 42
Epoch 43
Epoch 44
Epoch 45
Epoch 46
Epoch 47
Epoch 48
Epoch 49
Epoch 50
-----------------------
Epoch 50
Total Cost: 1966.88376096
Training Accuracy: 0.959359865235
Validation Accuracy: 0.943866288237
-----------------------
Epoch 51
Epoch 52
Epoch 53
Epoch 54
Epoch 55
Epoch 56
Epoch 57
Epoch 58
Epoch 59
Epoch 60
-----------------------
Epoch 60
Total Cost: 863.576417137
Training Accuracy: 0.984628342809
Validation Accuracy: 0.971407547566
-----------------------
Epoch 61
Epoch 62
Epoch 63
Epoch 64
Epoch 65
Epoch 66
Epoch 67
Epoch 68
Epoch 69
Epoch 70
-----------------------
Epoch 70
Total Cost: 221.97247202
Training Accuracy: 0.997683722889
Validation Accuracy: 0.991485335856
-----------------------
Epoch 71
Epoch 72
Epoch 73
Epoch 74
Epoch 75
Epoch 76
Epoch 77
Epoch 78
Epoch 79
Epoch 80
-----------------------
Epoch 80
Total Cost: 659.99427707
Training Accuracy: 0.973678669194
Validation Accuracy: 0.966677178598
-----------------------
Epoch 81
Epoch 82
Epoch 83
Epoch 84
Epoch 85
Epoch 86
Epoch 87
Epoch 88
Epoch 89
Epoch 90
-----------------------
Epoch 90
Total Cost: 21.6770422409
Training Accuracy: 0.999894714677
Validation Accuracy: 0.99758225586
-----------------------
Epoch 91
Epoch 92
Epoch 93
Epoch 94
Epoch 95
Epoch 96
Epoch 97
Epoch 98
Epoch 99
Epoch 100
-----------------------
Epoch 100
Total Cost: 262.843228855
Training Accuracy: 0.998947146768
Validation Accuracy: 0.995374750342
-----------------------
Epoch 101
Epoch 102
Epoch 103
Epoch 104
Epoch 105
Epoch 106
Epoch 107
Epoch 108
Epoch 109
Epoch 110
-----------------------
Epoch 110
Total Cost: 11.4127324207
Training Accuracy: 0.999894714677
Validation Accuracy: 0.997897613792
-----------------------
Epoch 111
Epoch 112
Epoch 113
Epoch 114
Epoch 115
Epoch 116
Epoch 117
Epoch 118
Epoch 119
Epoch 120
-----------------------
Epoch 120
Total Cost: 122.282482528
Training Accuracy: 0.999052432091
Validation Accuracy: 0.996531062756
-----------------------
Epoch 121
Epoch 122
Epoch 123
Epoch 124
Epoch 125
Epoch 126
Epoch 127
Epoch 128
Epoch 129
Epoch 130
-----------------------
Epoch 130
Total Cost: 176.723713301
Training Accuracy: 0.996841440303
Validation Accuracy: 0.995269631031
-----------------------
Epoch 131
Epoch 132
Epoch 133
Epoch 134
Epoch 135
Epoch 136
Epoch 137
Epoch 138
Epoch 139
Epoch 140
-----------------------
Epoch 140
Total Cost: 7.09842095272
Training Accuracy: 0.999789429354
Validation Accuracy: 0.998843687585
-----------------------
Epoch 141
Epoch 142
Epoch 143
Epoch 144
Epoch 145
Epoch 146
Epoch 147
Epoch 148
Epoch 149
Epoch 150
-----------------------
Epoch 150
Total Cost: 7.21828454047
Training Accuracy: 1.0
Validation Accuracy: 0.998318091033
-----------------------
Epoch 151
Epoch 152
Epoch 153
Epoch 154
Epoch 155
Epoch 156
Epoch 157
Epoch 158
Epoch 159
Epoch 160
-----------------------
Epoch 160
Total Cost: 10.4805321124
Training Accuracy: 0.999789429354
Validation Accuracy: 0.998212971723
-----------------------
Epoch 161
Epoch 162
Epoch 163
Epoch 164
Epoch 165
Epoch 166
Epoch 167
Epoch 168
Epoch 169
Epoch 170
-----------------------
Epoch 170
Total Cost: 1.898462995
Training Accuracy: 0.999894714677
Validation Accuracy: 0.998528329654
-----------------------
Epoch 171
Epoch 172
Epoch 173
Epoch 174
Epoch 175
Epoch 176
Epoch 177
Epoch 178
Epoch 179
Epoch 180
-----------------------
Epoch 180
Total Cost: 224.330305951
Training Accuracy: 0.999894714677
Validation Accuracy: 0.999053926206
-----------------------
Epoch 181
Epoch 182
Epoch 183
Epoch 184
Epoch 185
Epoch 186
Epoch 187
Epoch 188
Epoch 189
Epoch 190
-----------------------
Epoch 190
Total Cost: 21.5820874975
Training Accuracy: 0.999263002737
Validation Accuracy: 0.998738568275
-----------------------
Epoch 191
Epoch 192
Epoch 193
Epoch 194
Epoch 195
Epoch 196
Epoch 197
Epoch 198
Epoch 199
Epoch 200
-----------------------
Epoch 200
Total Cost: 113.056100193
Training Accuracy: 1.0
Validation Accuracy: 0.999159045517
-----------------------
/root/joshi/tensorflow/lib/python3.5/re.py:203: FutureWarning: split() requires a non-empty pattern match.
  return _compile(pattern, flags).split(string, maxsplit)
Started Task: 3
Candidate Size 43863
vocab size: 14801
Longest sentence length 21
Longest candidate sentence length 13
Longest story length 201
Average story length 96
Training Size 11891
Validation Size 11798
Epoch 1
Epoch 2
Epoch 3
Epoch 4
Epoch 5
Epoch 6
Epoch 7
Epoch 8
Epoch 9
Epoch 10
-----------------------
Epoch 10
Total Cost: 21900.6594855
Training Accuracy: 0.590446556219
Validation Accuracy: 0.543058145448
-----------------------
Epoch 11
Epoch 12
Epoch 13
Epoch 14
Epoch 15
Epoch 16
Epoch 17
Epoch 18
Epoch 19
Epoch 20
-----------------------
Epoch 20
Total Cost: 13887.0426403
Training Accuracy: 0.672693633841
Validation Accuracy: 0.575606034921
-----------------------
Epoch 21
Epoch 22
Epoch 23
Epoch 24
Epoch 25
Epoch 26
Epoch 27
Epoch 28
Epoch 29
Epoch 30
-----------------------
Epoch 30
Total Cost: 9783.30894599
Training Accuracy: 0.729711546548
Validation Accuracy: 0.580183081878
-----------------------
Epoch 31
Epoch 32
Epoch 33
Epoch 34
Epoch 35
Epoch 36
Epoch 37
Epoch 38
Epoch 39
Epoch 40
-----------------------
Epoch 40
Total Cost: 7693.78827906
Training Accuracy: 0.780001681944
Validation Accuracy: 0.579420240719
-----------------------
Epoch 41
Epoch 42
Epoch 43
Epoch 44
Epoch 45
Epoch 46
Epoch 47
Epoch 48
Epoch 49
Epoch 50
-----------------------
Epoch 50
Total Cost: 6497.82659192
Training Accuracy: 0.819275081995
Validation Accuracy: 0.585692490253
-----------------------
Epoch 51
Epoch 52
Epoch 53
Epoch 54
Epoch 55
Epoch 56
Epoch 57
Epoch 58
Epoch 59
Epoch 60
-----------------------
Epoch 60
Total Cost: 5522.60301577
Training Accuracy: 0.844336052477
Validation Accuracy: 0.584844888964
-----------------------
Epoch 61
Epoch 62
Epoch 63
Epoch 64
Epoch 65
Epoch 66
Epoch 67
Epoch 68
Epoch 69
Epoch 70
-----------------------
Epoch 70
Total Cost: 4746.68118654
Training Accuracy: 0.867799175847
Validation Accuracy: 0.578064078657
-----------------------
Epoch 71
Epoch 72
Epoch 73
Epoch 74
Epoch 75
Epoch 76
Epoch 77
Epoch 78
Epoch 79
Epoch 80
-----------------------
Epoch 80
Total Cost: 4099.07003461
Training Accuracy: 0.891178202002
Validation Accuracy: 0.575266994406
-----------------------
Epoch 81
Epoch 82
Epoch 83
Epoch 84
Epoch 85
Epoch 86
Epoch 87
Epoch 88
Epoch 89
Epoch 90
-----------------------
Epoch 90
Total Cost: 3666.53743329
Training Accuracy: 0.904886048272
Validation Accuracy: 0.575266994406
-----------------------
Epoch 91
Epoch 92
Epoch 93
Epoch 94
Epoch 95
Epoch 96
Epoch 97
Epoch 98
Epoch 99
Epoch 100
-----------------------
Epoch 100
Total Cost: 3213.05759074
Training Accuracy: 0.915818686401
Validation Accuracy: 0.57713171724
-----------------------
Epoch 101
Epoch 102
Epoch 103
Epoch 104
Epoch 105
Epoch 106
Epoch 107
Epoch 108
Epoch 109
Epoch 110
-----------------------
Epoch 110
Total Cost: 2902.11935412
Training Accuracy: 0.92700361618
Validation Accuracy: 0.576792676725
-----------------------
Epoch 111
Epoch 112
Epoch 113
Epoch 114
Epoch 115
Epoch 116
Epoch 117
Epoch 118
Epoch 119
Epoch 120
-----------------------
Epoch 120
Total Cost: 2596.12128912
Training Accuracy: 0.937683962661
Validation Accuracy: 0.579081200203
-----------------------
Epoch 121
Epoch 122
Epoch 123
Epoch 124
Epoch 125
Epoch 126
Epoch 127
Epoch 128
Epoch 129
Epoch 130
-----------------------
Epoch 130
Total Cost: 2448.14682778
Training Accuracy: 0.939197712556
Validation Accuracy: 0.575266994406
-----------------------
Epoch 131
Epoch 132
Epoch 133
Epoch 134
Epoch 135
Epoch 136
Epoch 137
Epoch 138
Epoch 139
Epoch 140
-----------------------
Epoch 140
Total Cost: 2259.73863786
Training Accuracy: 0.945673198217
Validation Accuracy: 0.578742159688
-----------------------
Epoch 141
Epoch 142
Epoch 143
Epoch 144
Epoch 145
Epoch 146
Epoch 147
Epoch 148
Epoch 149
Epoch 150
-----------------------
Epoch 150
Total Cost: 2181.05329
Training Accuracy: 0.949373475738
Validation Accuracy: 0.577301237498
-----------------------
Epoch 151
Epoch 152
Epoch 153
Epoch 154
Epoch 155
Epoch 156
Epoch 157
Epoch 158
Epoch 159
Epoch 160
-----------------------
Epoch 160
Total Cost: 2037.40501369
Training Accuracy: 0.950298545118
Validation Accuracy: 0.576707916596
-----------------------
Epoch 161
Epoch 162
Epoch 163
Epoch 164
Epoch 165
Epoch 166
Epoch 167
Epoch 168
Epoch 169
Epoch 170
-----------------------
Epoch 170
Total Cost: 1899.68906215
Training Accuracy: 0.944748128837
Validation Accuracy: 0.564417697915
-----------------------
Epoch 171
Epoch 172
Epoch 173
Epoch 174
Epoch 175
Epoch 176
Epoch 177
Epoch 178
Epoch 179
Epoch 180
-----------------------
Epoch 180
Total Cost: 1791.17625971
Training Accuracy: 0.96165166933
Validation Accuracy: 0.577809798271
-----------------------
Epoch 181
Epoch 182
Epoch 183
Epoch 184
Epoch 185
Epoch 186
Epoch 187
Epoch 188
Epoch 189
Epoch 190
-----------------------
Epoch 190
Total Cost: 1609.50536766
Training Accuracy: 0.961903960979
Validation Accuracy: 0.575436514664
-----------------------
Epoch 191
Epoch 192
Epoch 193
Epoch 194
Epoch 195
Epoch 196
Epoch 197
Epoch 198
Epoch 199
Epoch 200
-----------------------
Epoch 200
Total Cost: 1745.07232773
Training Accuracy: 0.965436044067
Validation Accuracy: 0.579759281234
-----------------------
/root/joshi/tensorflow/lib/python3.5/re.py:203: FutureWarning: split() requires a non-empty pattern match.
  return _compile(pattern, flags).split(string, maxsplit)
Started Task: 4
Candidate Size 43863
vocab size: 14636
Longest sentence length 11
Longest candidate sentence length 13
Longest story length 19
Average story length 15
Training Size 3507
Validation Size 3529
Epoch 1
Epoch 2
Epoch 3
Epoch 4
Epoch 5
Epoch 6
Epoch 7
Epoch 8
Epoch 9
Epoch 10
-----------------------
Epoch 10
Total Cost: 8628.58367559
Training Accuracy: 0.581693755346
Validation Accuracy: 0.566732785492
-----------------------
Epoch 11
Epoch 12
Epoch 13
Epoch 14
Epoch 15
Epoch 16
Epoch 17
Epoch 18
Epoch 19
Epoch 20
-----------------------
Epoch 20
Total Cost: 6405.85405265
Training Accuracy: 0.640433418877
Validation Accuracy: 0.566449419099
-----------------------
Epoch 21
Epoch 22
Epoch 23
Epoch 24
Epoch 25
Epoch 26
Epoch 27
Epoch 28
Epoch 29
Epoch 30
-----------------------
Epoch 30
Total Cost: 3955.84045016
Training Accuracy: 0.806672369547
Validation Accuracy: 0.566449419099
-----------------------
Epoch 31
Epoch 32
Epoch 33
Epoch 34
Epoch 35
Epoch 36
Epoch 37
Epoch 38
Epoch 39
Epoch 40
-----------------------
Epoch 40
Total Cost: 1917.54270125
Training Accuracy: 0.938979184488
Validation Accuracy: 0.566732785492
-----------------------
Epoch 41
Epoch 42
Epoch 43
Epoch 44
Epoch 45
Epoch 46
Epoch 47
Epoch 48
Epoch 49
Epoch 50
-----------------------
Epoch 50
Total Cost: 705.364706368
Training Accuracy: 0.984317080125
Validation Accuracy: 0.566732785492
-----------------------
Epoch 51
Epoch 52
Epoch 53
Epoch 54
Epoch 55
Epoch 56
Epoch 57
Epoch 58
Epoch 59
Epoch 60
-----------------------
Epoch 60
Total Cost: 438.18009771
Training Accuracy: 0.992015968064
Validation Accuracy: 0.566732785492
-----------------------
Epoch 61
Epoch 62
Epoch 63
Epoch 64
Epoch 65
Epoch 66
Epoch 67
Epoch 68
Epoch 69
Epoch 70
-----------------------
Epoch 70
Total Cost: 158.26410593
Training Accuracy: 0.995722840034
Validation Accuracy: 0.566732785492
-----------------------
Epoch 71
Epoch 72
Epoch 73
Epoch 74
Epoch 75
Epoch 76
Epoch 77
Epoch 78
Epoch 79
Epoch 80
-----------------------
Epoch 80
Total Cost: 155.859422745
Training Accuracy: 0.995152552039
Validation Accuracy: 0.566732785492
-----------------------
Epoch 81
Epoch 82
Epoch 83
Epoch 84
Epoch 85
Epoch 86
Epoch 87
Epoch 88
Epoch 89
Epoch 90
-----------------------
Epoch 90
Total Cost: 102.177689194
Training Accuracy: 0.997718848018
Validation Accuracy: 0.566732785492
-----------------------
Epoch 91
Epoch 92
Epoch 93
Epoch 94
Epoch 95
Epoch 96
Epoch 97
Epoch 98
Epoch 99
Epoch 100
-----------------------
Epoch 100
Total Cost: 33.4658267266
Training Accuracy: 0.998859424009
Validation Accuracy: 0.566732785492
-----------------------
Epoch 101
Epoch 102
Epoch 103
Epoch 104
Epoch 105
Epoch 106
Epoch 107
Epoch 108
Epoch 109
Epoch 110
-----------------------
Epoch 110
Total Cost: 90.6864105107
Training Accuracy: 0.993156544055
Validation Accuracy: 0.566732785492
-----------------------
Epoch 111
Epoch 112
Epoch 113
Epoch 114
Epoch 115
Epoch 116
Epoch 117
Epoch 118
Epoch 119
Epoch 120
-----------------------
Epoch 120
Total Cost: 29.1553566444
Training Accuracy: 0.998289136014
Validation Accuracy: 0.566732785492
-----------------------
Epoch 121
Epoch 122
Epoch 123
Epoch 124
Epoch 125
Epoch 126
Epoch 127
Epoch 128
Epoch 129
Epoch 130
-----------------------
Epoch 130
Total Cost: 222.263934103
Training Accuracy: 0.995437696036
Validation Accuracy: 0.566732785492
-----------------------
Epoch 131
Epoch 132
Epoch 133
Epoch 134
Epoch 135
Epoch 136
Epoch 137
Epoch 138
Epoch 139
Epoch 140
-----------------------
Epoch 140
Total Cost: 13.862648489
Training Accuracy: 0.999429712005
Validation Accuracy: 0.566732785492
-----------------------
Epoch 141
Epoch 142
Epoch 143
Epoch 144
Epoch 145
Epoch 146
Epoch 147
Epoch 148
Epoch 149
Epoch 150
-----------------------
Epoch 150
Total Cost: 47.0193008595
Training Accuracy: 0.995722840034
Validation Accuracy: 0.566732785492
-----------------------
Epoch 151
Epoch 152
Epoch 153
Epoch 154
Epoch 155
Epoch 156
Epoch 157
Epoch 158
Epoch 159
Epoch 160
-----------------------
Epoch 160
Total Cost: 22.4914888468
Training Accuracy: 1.0
Validation Accuracy: 0.566732785492
-----------------------
Epoch 161
Epoch 162
Epoch 163
Epoch 164
Epoch 165
Epoch 166
Epoch 167
Epoch 168
Epoch 169
Epoch 170
-----------------------
Epoch 170
Total Cost: 43.9876152683
Training Accuracy: 0.996863416025
Validation Accuracy: 0.566732785492
-----------------------
Epoch 171
Epoch 172
Epoch 173
Epoch 174
Epoch 175
Epoch 176
Epoch 177
Epoch 178
Epoch 179
Epoch 180
-----------------------
Epoch 180
Total Cost: 0.512066756455
Training Accuracy: 1.0
Validation Accuracy: 0.566732785492
-----------------------
Epoch 181
Epoch 182
Epoch 183
Epoch 184
Epoch 185
Epoch 186
Epoch 187
Epoch 188
Epoch 189
Epoch 190
-----------------------
Epoch 190
Total Cost: 0.21590895993
Training Accuracy: 1.0
Validation Accuracy: 0.566732785492
-----------------------
Epoch 191
Epoch 192
Epoch 193
Epoch 194
Epoch 195
Epoch 196
Epoch 197
Epoch 198
Epoch 199
Epoch 200
-----------------------
Epoch 200
Total Cost: 0.152259207502
Training Accuracy: 1.0
Validation Accuracy: 0.566732785492
-----------------------
/root/joshi/tensorflow/lib/python3.5/re.py:203: FutureWarning: split() requires a non-empty pattern match.
  return _compile(pattern, flags).split(string, maxsplit)
Started Task: 5
Candidate Size 43863
vocab size: 14819
Longest sentence length 19
Longest candidate sentence length 13
Longest story length 219
Average story length 62
Training Size 20258
Validation Size 20143
Epoch 1
Epoch 2
Epoch 3
Epoch 4
Epoch 5
Epoch 6
Epoch 7
Epoch 8
Epoch 9
Epoch 10
-----------------------
Epoch 10
Total Cost: 25825.680172
Training Accuracy: 0.698686938493
Validation Accuracy: 0.631534528124
-----------------------
Epoch 11
Epoch 12
Epoch 13
Epoch 14
Epoch 15
Epoch 16
Epoch 17
Epoch 18
Epoch 19
Epoch 20
-----------------------
Epoch 20
Total Cost: 13499.6543241
Training Accuracy: 0.815875209794
Validation Accuracy: 0.691456088964
-----------------------
Epoch 21
Epoch 22
Epoch 23
Epoch 24
Epoch 25
Epoch 26
Epoch 27
Epoch 28
Epoch 29
Epoch 30
-----------------------
Epoch 30
Total Cost: 8510.2231985
Training Accuracy: 0.885082436568
Validation Accuracy: 0.730129573549
-----------------------
Epoch 31
Epoch 32
Epoch 33
Epoch 34
Epoch 35
Epoch 36
Epoch 37
Epoch 38
Epoch 39
Epoch 40
-----------------------
Epoch 40
Total Cost: 5617.8645507
Training Accuracy: 0.919834139599
Validation Accuracy: 0.746264210892
-----------------------
Epoch 41
Epoch 42
Epoch 43
Epoch 44
Epoch 45
Epoch 46
Epoch 47
Epoch 48
Epoch 49
Epoch 50
-----------------------
Epoch 50
Total Cost: 3818.68704631
Training Accuracy: 0.953944120841
Validation Accuracy: 0.763838554336
-----------------------
Epoch 51
Epoch 52
Epoch 53
Epoch 54
Epoch 55
Epoch 56
Epoch 57
Epoch 58
Epoch 59
Epoch 60
-----------------------
Epoch 60
Total Cost: 3164.7266449
Training Accuracy: 0.965840655543
Validation Accuracy: 0.769249863476
-----------------------
Epoch 61
Epoch 62
Epoch 63
Epoch 64
Epoch 65
Epoch 66
Epoch 67
Epoch 68
Epoch 69
Epoch 70
-----------------------
Epoch 70
Total Cost: 2392.79953648
Training Accuracy: 0.974281765229
Validation Accuracy: 0.770590279502
-----------------------
Epoch 71
Epoch 72
Epoch 73
Epoch 74
Epoch 75
Epoch 76
Epoch 77
Epoch 78
Epoch 79
Epoch 80
-----------------------
Epoch 80
Total Cost: 1626.04918537
Training Accuracy: 0.982278605983
Validation Accuracy: 0.77456188254
-----------------------
Epoch 81
Epoch 82
Epoch 83
Epoch 84
Epoch 85
Epoch 86
Epoch 87
Epoch 88
Epoch 89
Epoch 90
-----------------------
Epoch 90
Total Cost: 1636.55040815
Training Accuracy: 0.979662355613
Validation Accuracy: 0.769547733704
-----------------------
Epoch 91
Epoch 92
Epoch 93
Epoch 94
Epoch 95
Epoch 96
Epoch 97
Epoch 98
Epoch 99
Epoch 100
-----------------------
Epoch 100
Total Cost: 1507.3854295
Training Accuracy: 0.987708559581
Validation Accuracy: 0.774164722236
-----------------------
Epoch 101
Epoch 102
Epoch 103
Epoch 104
Epoch 105
Epoch 106
Epoch 107
Epoch 108
Epoch 109
Epoch 110
-----------------------
Epoch 110
Total Cost: 943.334333817
Training Accuracy: 0.991312074242
Validation Accuracy: 0.775554783299
-----------------------
Epoch 111
Epoch 112
Epoch 113
Epoch 114
Epoch 115
Epoch 116
Epoch 117
Epoch 118
Epoch 119
Epoch 120
-----------------------
Epoch 120
Total Cost: 1328.67967893
Training Accuracy: 0.99313851318
Validation Accuracy: 0.776746264211
-----------------------
Epoch 121
Epoch 122
Epoch 123
Epoch 124
Epoch 125
Epoch 126
Epoch 127
Epoch 128
Epoch 129
Epoch 130
-----------------------
Epoch 130
Total Cost: 797.500406343
Training Accuracy: 0.993187876395
Validation Accuracy: 0.774859752768
-----------------------
Epoch 131
Epoch 132
Epoch 133
Epoch 134
Epoch 135
Epoch 136
Epoch 137
Epoch 138
Epoch 139
Epoch 140
-----------------------
Epoch 140
Total Cost: 720.27078503
Training Accuracy: 0.992447428177
Validation Accuracy: 0.773519336742
-----------------------
Epoch 141
Epoch 142
Epoch 143
Epoch 144
Epoch 145
Epoch 146
Epoch 147
Epoch 148
Epoch 149
Epoch 150
-----------------------
Epoch 150
Total Cost: 673.657587259
Training Accuracy: 0.993286602824
Validation Accuracy: 0.77381720697
-----------------------
Epoch 151
Epoch 152
Epoch 153
Epoch 154
Epoch 155
Epoch 156
Epoch 157
Epoch 158
Epoch 159
Epoch 160
-----------------------
Epoch 160
Total Cost: 807.589466408
Training Accuracy: 0.992891697107
Validation Accuracy: 0.772725016135
-----------------------
Epoch 161
Epoch 162
Epoch 163
Epoch 164
Epoch 165
Epoch 166
Epoch 167
Epoch 168
Epoch 169
Epoch 170
-----------------------
Epoch 170
Total Cost: 802.327152379
Training Accuracy: 0.993977687827
Validation Accuracy: 0.773420046666
-----------------------
Epoch 171
Epoch 172
Epoch 173
Epoch 174
Epoch 175
Epoch 176
Epoch 177
Epoch 178
Epoch 179
Epoch 180
-----------------------
Epoch 180
Total Cost: 639.983301705
Training Accuracy: 0.995507947478
Validation Accuracy: 0.778086680236
-----------------------
Epoch 181
Epoch 182
Epoch 183
Epoch 184
Epoch 185
Epoch 186
Epoch 187
Epoch 188
Epoch 189
Epoch 190
-----------------------
Epoch 190
Total Cost: 584.418104379
Training Accuracy: 0.997828018561
Validation Accuracy: 0.777242714591
-----------------------
Epoch 191
Epoch 192
Epoch 193
Epoch 194
Epoch 195
Epoch 196
Epoch 197
Epoch 198
Epoch 199
Epoch 200
-----------------------
Epoch 200
Total Cost: 672.238878642
Training Accuracy: 0.995804126765
Validation Accuracy: 0.775951943603
-----------------------
/root/joshi/tensorflow/lib/python3.5/re.py:203: FutureWarning: split() requires a non-empty pattern match.
  return _compile(pattern, flags).split(string, maxsplit)
Started Task: 1
Candidate Size 43863
vocab size: 14590
Longest sentence length 21
Longest candidate sentence length 13
Longest story length 15
Average story length 6
Testing Size 5936
Testing Accuracy: 0.988712938005
/root/joshi/tensorflow/lib/python3.5/re.py:203: FutureWarning: split() requires a non-empty pattern match.
  return _compile(pattern, flags).split(string, maxsplit)
Started Task: 2
Candidate Size 43863
vocab size: 14596
Longest sentence length 21
Longest candidate sentence length 13
Longest story length 21
Average story length 9
Testing Size 9464
Testing Accuracy: 0.999366018597
/root/joshi/tensorflow/lib/python3.5/re.py:203: FutureWarning: split() requires a non-empty pattern match.
  return _compile(pattern, flags).split(string, maxsplit)
Started Task: 3
Candidate Size 43863
vocab size: 14801
Longest sentence length 21
Longest candidate sentence length 13
Longest story length 201
Average story length 96
Testing Size 11812
Testing Accuracy: 0.587199458178
/root/joshi/tensorflow/lib/python3.5/re.py:203: FutureWarning: split() requires a non-empty pattern match.
  return _compile(pattern, flags).split(string, maxsplit)
Started Task: 4
Candidate Size 43863
vocab size: 14636
Longest sentence length 11
Longest candidate sentence length 13
Longest story length 19
Average story length 15
Testing Size 3498
Testing Accuracy: 0.571755288736
/root/joshi/tensorflow/lib/python3.5/re.py:203: FutureWarning: split() requires a non-empty pattern match.
  return _compile(pattern, flags).split(string, maxsplit)
Started Task: 5
Candidate Size 43863
vocab size: 14819
Longest sentence length 19
Longest candidate sentence length 13
Longest story length 219
Average story length 62
Testing Size 20226
Testing Accuracy: 0.777415208148
/root/joshi/tensorflow/lib/python3.5/re.py:203: FutureWarning: split() requires a non-empty pattern match.
  return _compile(pattern, flags).split(string, maxsplit)
Started Task: 1
Candidate Size 43863
vocab size: 14590
Longest sentence length 21
Longest candidate sentence length 13
Longest story length 15
Average story length 6
Testing Size 6020
Testing Accuracy: 0.712458471761
/root/joshi/tensorflow/lib/python3.5/re.py:203: FutureWarning: split() requires a non-empty pattern match.
  return _compile(pattern, flags).split(string, maxsplit)
Started Task: 2
Candidate Size 43863
vocab size: 14596
Longest sentence length 21
Longest candidate sentence length 13
Longest story length 21
Average story length 9
Testing Size 9460
Testing Accuracy: 0.788583509514
/root/joshi/tensorflow/lib/python3.5/re.py:203: FutureWarning: split() requires a non-empty pattern match.
  return _compile(pattern, flags).split(string, maxsplit)
Started Task: 3
Candidate Size 43863
vocab size: 14814
Longest sentence length 21
Longest candidate sentence length 13
Longest story length 197
Average story length 95
Traceback (most recent call last):
  File "/root/joshi/tensorflow/lib/python3.5/site-packages/tensorflow/python/client/session.py", line 1021, in _do_call
    return fn(*args)
  File "/root/joshi/tensorflow/lib/python3.5/site-packages/tensorflow/python/client/session.py", line 1003, in _run_fn
    status, run_metadata)
  File "/usr/lib/python3.5/contextlib.py", line 66, in __exit__
    next(self.gen)
  File "/root/joshi/tensorflow/lib/python3.5/site-packages/tensorflow/python/framework/errors_impl.py", line 469, in raise_exception_on_not_ok_status
    pywrap_tensorflow.TF_GetCode(status))
tensorflow.python.framework.errors_impl.InvalidArgumentError: Assign requires shapes of both tensors to match. lhs shape= [14814,20] rhs shape= [14801,20]
	 [[Node: save/Assign_1 = Assign[T=DT_FLOAT, _class=["loc:@MemN2N/A"], use_locking=true, validate_shape=true, _device="/job:localhost/replica:0/task:0/cpu:0"](MemN2N/A/Adam, save/RestoreV2_1)]]

During handling of the above exception, another exception occurred:

Traceback (most recent call last):
  File "single_dialog.py", line 218, in <module>
    chatbot.test()
  File "single_dialog.py", line 181, in test
    self.saver.restore(self.sess, ckpt.model_checkpoint_path)
  File "/root/joshi/tensorflow/lib/python3.5/site-packages/tensorflow/python/training/saver.py", line 1388, in restore
    {self.saver_def.filename_tensor_name: save_path})
  File "/root/joshi/tensorflow/lib/python3.5/site-packages/tensorflow/python/client/session.py", line 766, in run
    run_metadata_ptr)
  File "/root/joshi/tensorflow/lib/python3.5/site-packages/tensorflow/python/client/session.py", line 964, in _run
    feed_dict_string, options, run_metadata)
  File "/root/joshi/tensorflow/lib/python3.5/site-packages/tensorflow/python/client/session.py", line 1014, in _do_run
    target_list, options, run_metadata)
  File "/root/joshi/tensorflow/lib/python3.5/site-packages/tensorflow/python/client/session.py", line 1034, in _do_call
    raise type(e)(node_def, op, message)
tensorflow.python.framework.errors_impl.InvalidArgumentError: Assign requires shapes of both tensors to match. lhs shape= [14814,20] rhs shape= [14801,20]
	 [[Node: save/Assign_1 = Assign[T=DT_FLOAT, _class=["loc:@MemN2N/A"], use_locking=true, validate_shape=true, _device="/job:localhost/replica:0/task:0/cpu:0"](MemN2N/A/Adam, save/RestoreV2_1)]]

Caused by op 'save/Assign_1', defined at:
  File "single_dialog.py", line 213, in <module>
    chatbot=chatBot(FLAGS.data_dir,model_dir,FLAGS.task_id,OOV=FLAGS.OOV,isInteractive=FLAGS.interactive,batch_size=FLAGS.batch_size)
  File "single_dialog.py", line 67, in __init__
    self.saver = tf.train.Saver(max_to_keep=50)
  File "/root/joshi/tensorflow/lib/python3.5/site-packages/tensorflow/python/training/saver.py", line 1000, in __init__
    self.build()
  File "/root/joshi/tensorflow/lib/python3.5/site-packages/tensorflow/python/training/saver.py", line 1030, in build
    restore_sequentially=self._restore_sequentially)
  File "/root/joshi/tensorflow/lib/python3.5/site-packages/tensorflow/python/training/saver.py", line 624, in build
    restore_sequentially, reshape)
  File "/root/joshi/tensorflow/lib/python3.5/site-packages/tensorflow/python/training/saver.py", line 373, in _AddRestoreOps
    assign_ops.append(saveable.restore(tensors, shapes))
  File "/root/joshi/tensorflow/lib/python3.5/site-packages/tensorflow/python/training/saver.py", line 130, in restore
    self.op.get_shape().is_fully_defined())
  File "/root/joshi/tensorflow/lib/python3.5/site-packages/tensorflow/python/ops/gen_state_ops.py", line 47, in assign
    use_locking=use_locking, name=name)
  File "/root/joshi/tensorflow/lib/python3.5/site-packages/tensorflow/python/framework/op_def_library.py", line 759, in apply_op
    op_def=op_def)
  File "/root/joshi/tensorflow/lib/python3.5/site-packages/tensorflow/python/framework/ops.py", line 2240, in create_op
    original_op=self._default_original_op, op_def=op_def)
  File "/root/joshi/tensorflow/lib/python3.5/site-packages/tensorflow/python/framework/ops.py", line 1128, in __init__
    self._traceback = _extract_stack()

InvalidArgumentError (see above for traceback): Assign requires shapes of both tensors to match. lhs shape= [14814,20] rhs shape= [14801,20]
	 [[Node: save/Assign_1 = Assign[T=DT_FLOAT, _class=["loc:@MemN2N/A"], use_locking=true, validate_shape=true, _device="/job:localhost/replica:0/task:0/cpu:0"](MemN2N/A/Adam, save/RestoreV2_1)]]

/root/joshi/tensorflow/lib/python3.5/re.py:203: FutureWarning: split() requires a non-empty pattern match.
  return _compile(pattern, flags).split(string, maxsplit)
Started Task: 4
Candidate Size 43863
vocab size: 14651
Longest sentence length 11
Longest candidate sentence length 13
Longest story length 19
Average story length 15
Traceback (most recent call last):
  File "/root/joshi/tensorflow/lib/python3.5/site-packages/tensorflow/python/client/session.py", line 1021, in _do_call
    return fn(*args)
  File "/root/joshi/tensorflow/lib/python3.5/site-packages/tensorflow/python/client/session.py", line 1003, in _run_fn
    status, run_metadata)
  File "/usr/lib/python3.5/contextlib.py", line 66, in __exit__
    next(self.gen)
  File "/root/joshi/tensorflow/lib/python3.5/site-packages/tensorflow/python/framework/errors_impl.py", line 469, in raise_exception_on_not_ok_status
    pywrap_tensorflow.TF_GetCode(status))
tensorflow.python.framework.errors_impl.InvalidArgumentError: Assign requires shapes of both tensors to match. lhs shape= [14651,20] rhs shape= [14636,20]
	 [[Node: save/Assign_6 = Assign[T=DT_FLOAT, _class=["loc:@MemN2N/W"], use_locking=true, validate_shape=true, _device="/job:localhost/replica:0/task:0/cpu:0"](MemN2N/W, save/RestoreV2_6)]]

During handling of the above exception, another exception occurred:

Traceback (most recent call last):
  File "single_dialog.py", line 218, in <module>
    chatbot.test()
  File "single_dialog.py", line 181, in test
    self.saver.restore(self.sess, ckpt.model_checkpoint_path)
  File "/root/joshi/tensorflow/lib/python3.5/site-packages/tensorflow/python/training/saver.py", line 1388, in restore
    {self.saver_def.filename_tensor_name: save_path})
  File "/root/joshi/tensorflow/lib/python3.5/site-packages/tensorflow/python/client/session.py", line 766, in run
    run_metadata_ptr)
  File "/root/joshi/tensorflow/lib/python3.5/site-packages/tensorflow/python/client/session.py", line 964, in _run
    feed_dict_string, options, run_metadata)
  File "/root/joshi/tensorflow/lib/python3.5/site-packages/tensorflow/python/client/session.py", line 1014, in _do_run
    target_list, options, run_metadata)
  File "/root/joshi/tensorflow/lib/python3.5/site-packages/tensorflow/python/client/session.py", line 1034, in _do_call
    raise type(e)(node_def, op, message)
tensorflow.python.framework.errors_impl.InvalidArgumentError: Assign requires shapes of both tensors to match. lhs shape= [14651,20] rhs shape= [14636,20]
	 [[Node: save/Assign_6 = Assign[T=DT_FLOAT, _class=["loc:@MemN2N/W"], use_locking=true, validate_shape=true, _device="/job:localhost/replica:0/task:0/cpu:0"](MemN2N/W, save/RestoreV2_6)]]

Caused by op 'save/Assign_6', defined at:
  File "single_dialog.py", line 213, in <module>
    chatbot=chatBot(FLAGS.data_dir,model_dir,FLAGS.task_id,OOV=FLAGS.OOV,isInteractive=FLAGS.interactive,batch_size=FLAGS.batch_size)
  File "single_dialog.py", line 67, in __init__
    self.saver = tf.train.Saver(max_to_keep=50)
  File "/root/joshi/tensorflow/lib/python3.5/site-packages/tensorflow/python/training/saver.py", line 1000, in __init__
    self.build()
  File "/root/joshi/tensorflow/lib/python3.5/site-packages/tensorflow/python/training/saver.py", line 1030, in build
    restore_sequentially=self._restore_sequentially)
  File "/root/joshi/tensorflow/lib/python3.5/site-packages/tensorflow/python/training/saver.py", line 624, in build
    restore_sequentially, reshape)
  File "/root/joshi/tensorflow/lib/python3.5/site-packages/tensorflow/python/training/saver.py", line 373, in _AddRestoreOps
    assign_ops.append(saveable.restore(tensors, shapes))
  File "/root/joshi/tensorflow/lib/python3.5/site-packages/tensorflow/python/training/saver.py", line 130, in restore
    self.op.get_shape().is_fully_defined())
  File "/root/joshi/tensorflow/lib/python3.5/site-packages/tensorflow/python/ops/gen_state_ops.py", line 47, in assign
    use_locking=use_locking, name=name)
  File "/root/joshi/tensorflow/lib/python3.5/site-packages/tensorflow/python/framework/op_def_library.py", line 759, in apply_op
    op_def=op_def)
  File "/root/joshi/tensorflow/lib/python3.5/site-packages/tensorflow/python/framework/ops.py", line 2240, in create_op
    original_op=self._default_original_op, op_def=op_def)
  File "/root/joshi/tensorflow/lib/python3.5/site-packages/tensorflow/python/framework/ops.py", line 1128, in __init__
    self._traceback = _extract_stack()

InvalidArgumentError (see above for traceback): Assign requires shapes of both tensors to match. lhs shape= [14651,20] rhs shape= [14636,20]
	 [[Node: save/Assign_6 = Assign[T=DT_FLOAT, _class=["loc:@MemN2N/W"], use_locking=true, validate_shape=true, _device="/job:localhost/replica:0/task:0/cpu:0"](MemN2N/W, save/RestoreV2_6)]]

/root/joshi/tensorflow/lib/python3.5/re.py:203: FutureWarning: split() requires a non-empty pattern match.
  return _compile(pattern, flags).split(string, maxsplit)
Started Task: 5
Candidate Size 43863
vocab size: 14833
Longest sentence length 19
Longest candidate sentence length 13
Longest story length 217
Average story length 62
Traceback (most recent call last):
  File "/root/joshi/tensorflow/lib/python3.5/site-packages/tensorflow/python/client/session.py", line 1021, in _do_call
    return fn(*args)
  File "/root/joshi/tensorflow/lib/python3.5/site-packages/tensorflow/python/client/session.py", line 1003, in _run_fn
    status, run_metadata)
  File "/usr/lib/python3.5/contextlib.py", line 66, in __exit__
    next(self.gen)
  File "/root/joshi/tensorflow/lib/python3.5/site-packages/tensorflow/python/framework/errors_impl.py", line 469, in raise_exception_on_not_ok_status
    pywrap_tensorflow.TF_GetCode(status))
tensorflow.python.framework.errors_impl.InvalidArgumentError: Assign requires shapes of both tensors to match. lhs shape= [14833,20] rhs shape= [14819,20]
	 [[Node: save/Assign = Assign[T=DT_FLOAT, _class=["loc:@MemN2N/A"], use_locking=true, validate_shape=true, _device="/job:localhost/replica:0/task:0/cpu:0"](MemN2N/A, save/RestoreV2)]]

During handling of the above exception, another exception occurred:

Traceback (most recent call last):
  File "single_dialog.py", line 218, in <module>
    chatbot.test()
  File "single_dialog.py", line 181, in test
    self.saver.restore(self.sess, ckpt.model_checkpoint_path)
  File "/root/joshi/tensorflow/lib/python3.5/site-packages/tensorflow/python/training/saver.py", line 1388, in restore
    {self.saver_def.filename_tensor_name: save_path})
  File "/root/joshi/tensorflow/lib/python3.5/site-packages/tensorflow/python/client/session.py", line 766, in run
    run_metadata_ptr)
  File "/root/joshi/tensorflow/lib/python3.5/site-packages/tensorflow/python/client/session.py", line 964, in _run
    feed_dict_string, options, run_metadata)
  File "/root/joshi/tensorflow/lib/python3.5/site-packages/tensorflow/python/client/session.py", line 1014, in _do_run
    target_list, options, run_metadata)
  File "/root/joshi/tensorflow/lib/python3.5/site-packages/tensorflow/python/client/session.py", line 1034, in _do_call
    raise type(e)(node_def, op, message)
tensorflow.python.framework.errors_impl.InvalidArgumentError: Assign requires shapes of both tensors to match. lhs shape= [14833,20] rhs shape= [14819,20]
	 [[Node: save/Assign = Assign[T=DT_FLOAT, _class=["loc:@MemN2N/A"], use_locking=true, validate_shape=true, _device="/job:localhost/replica:0/task:0/cpu:0"](MemN2N/A, save/RestoreV2)]]

Caused by op 'save/Assign', defined at:
  File "single_dialog.py", line 213, in <module>
    chatbot=chatBot(FLAGS.data_dir,model_dir,FLAGS.task_id,OOV=FLAGS.OOV,isInteractive=FLAGS.interactive,batch_size=FLAGS.batch_size)
  File "single_dialog.py", line 67, in __init__
    self.saver = tf.train.Saver(max_to_keep=50)
  File "/root/joshi/tensorflow/lib/python3.5/site-packages/tensorflow/python/training/saver.py", line 1000, in __init__
    self.build()
  File "/root/joshi/tensorflow/lib/python3.5/site-packages/tensorflow/python/training/saver.py", line 1030, in build
    restore_sequentially=self._restore_sequentially)
  File "/root/joshi/tensorflow/lib/python3.5/site-packages/tensorflow/python/training/saver.py", line 624, in build
    restore_sequentially, reshape)
  File "/root/joshi/tensorflow/lib/python3.5/site-packages/tensorflow/python/training/saver.py", line 373, in _AddRestoreOps
    assign_ops.append(saveable.restore(tensors, shapes))
  File "/root/joshi/tensorflow/lib/python3.5/site-packages/tensorflow/python/training/saver.py", line 130, in restore
    self.op.get_shape().is_fully_defined())
  File "/root/joshi/tensorflow/lib/python3.5/site-packages/tensorflow/python/ops/gen_state_ops.py", line 47, in assign
    use_locking=use_locking, name=name)
  File "/root/joshi/tensorflow/lib/python3.5/site-packages/tensorflow/python/framework/op_def_library.py", line 759, in apply_op
    op_def=op_def)
  File "/root/joshi/tensorflow/lib/python3.5/site-packages/tensorflow/python/framework/ops.py", line 2240, in create_op
    original_op=self._default_original_op, op_def=op_def)
  File "/root/joshi/tensorflow/lib/python3.5/site-packages/tensorflow/python/framework/ops.py", line 1128, in __init__
    self._traceback = _extract_stack()

InvalidArgumentError (see above for traceback): Assign requires shapes of both tensors to match. lhs shape= [14833,20] rhs shape= [14819,20]
	 [[Node: save/Assign = Assign[T=DT_FLOAT, _class=["loc:@MemN2N/A"], use_locking=true, validate_shape=true, _device="/job:localhost/replica:0/task:0/cpu:0"](MemN2N/A, save/RestoreV2)]]

